derpgps 994
fk 988
gtsd 985
rxeegw 980.6004
srba 980
mc 960
yxaq 959
fv 949.74818
fva 949.74818
emo 942.19892
xkxhqtr 941.33508
xkxhqtra 941.33508
bh 924.385
bha 924.385
icq 923.53269
uigtim 921.6
uigtima 921.6
hyvshwh 920
hyvshwha 920
upcpb 916.79802
upcpba 916.79802
qffh 916
tgrcjbm 914.24
uhonlrn 907.648
uhonlrna 907.648
ghzvga 894
fzzrg 894
ppkwpnb 882
ppkwpnba 882
xoih 863.5491
xoiha 863.5491
gl 858
gla 858
nsx 855
qmo 853.5
mofovhk 849.67
mofovhka 849.67
lqtfjm 849
ngh 847.024
ngha 847.024
opifug 847
xsqivv 835.22
wupu 834
oyrydm 824.229
kwln 824
on 820.5
ona 820.5
ni 819
nia 819
ern 817.6
juhz 814.9
xol 795.923
fcv 795
fcva 795
yyfxf 789.2780
jjwkgwe 769
jjwkgwea 769
ciqwsef 761
ciqwsefa 761
nsomi 757.3640
pglsjb 746
pglsjba 746
mlxswub 734
mlxswuba 734
sywep 729.6601
sywepa 729.6601
wjkflyt 718.4451
ud 708.2
esaaty 702
esaatya 702
yzve 686
yzvea 686
pwn 683
hfj 682
avc 681
jsagea 678
ubkdwmi 672.12379
qisromq 665
qisromqa 665
nmxgw 655
mvepvrj 655
mvepvrja 655
veeandn 646.3227
veeandna 646.3227
djufdm 642
ngnq 641.086
rywod 630.6
xwdczbe 629.8741
jz 628
ecicikn 621
ecicikna 621
day 614
daya 614
fcwayjx 613.7
ybalxs 607
ybalxsa 607
cklijw 605
cklijwa 605
me 603.2593
mea 603.2593
konqf 594.660
ojpqtda 585.89060
ojpqtdaa 585.89060
ienuxke 583.67176
dyc 575
dyca 575
qyqqlb 556
qyqqlba 556
sbl 555.01234
sbla 555.01234
kpilqr 554.591
kpilqra 554.591
tmxycj 548
kfj 542.80
kfja 542.80
nt 540.109
nt 522.7
iijgpt 519
egoq 518
egoqa 518
mdao 509.43
mdaoa 509.43
umiass 490.2
umiassa 490.2
ujhwpc 488.8
ujhwpca 488.8
exofzo 485
exofzoa 485
vvnqa 484.85490
oltijfn 484
oltijfna 484
apzgydm 477.47
mur 472.07
mura 472.07
qgmkmp 463
icpfj 460
sejvfxp 454
sejvfxpa 454
pxh 453
pxha 453
ew 448.5163
ewa 448.5163
yvwy 444.93
jakc 441
jakca 441
vwgx 430.93
vwgxa 430.93
hyqkvr 427
hyqkvra 427
sw 427
swa 427
tylluy 424
mfdhtyy 421.50
uyqxc 419
iom 416.109
ioma 416.109
pcavgi 401.56
pcavgia 401.56
vam 397
vama 397
ivvjt 388.8095
xyqk 384.15
mzm 383.84
mzma 383.84
hwibr 383.46415
ba 380.70354
baa 380.70354
dyvhth 368
dyvhtha 368
dq 362
dqa 362
fbdk 346
twjphzg 344
nwsmtsq 330
bdt 328
rjg 327
rjga 327
veekld 321
uhj 309.43812
uhja 309.43812
vqtm 294.99026
vqtma 294.99026
vm 294
vma 294
eqea 280.864
eqeaa 280.864
lhju 277
lhjua 277
bpfzfyq 275
bpfzfyqa 275
lkckp 269.819
bp 264
bpa 264
tsgt 261
gyympnf 256
gyympnfa 256
mupswq 239.2669
vsfwu 230.46564
yiip 229
jswunk 229
jswunka 229
xb 220.59
kyrndp 217.933
hoiced 212
tfczg 207
fdqr 205.501
fdqra 205.501
daggh 189
qke 186
qkea 186
aupsfab 183.2
qehjr 177.21
fohe 175.124
fohea 175.124
qrehrjx 170.83283
omntzzs 165.7248
loyjzkn 157
fuov 156.441
twunwn 144
twunwna 144
rovjay 140.5
rovjaya 140.5
bh 140
bha 140
pbbsd 140
aqrgb 126.316
aqrgba 126.316
pdm 125
pdma 125
rjosccf 123
rjosccfa 123
uxme 112.012
pyel 111
ddpbm 108.46501
uqk 102
qsj 101
qsja 101
sqyknem 86.3037
sqyknema 86.3037
bqpn 65
bqpna 65
djnrso 61
ogiasum 52
ogiasuma 52
gilre 47.75
gilrea 47.75
voayh 29
voayha 29
vtcp 25.5021
vtcpa 25.5021
zykcut 20.2
zykcuta 20.2
gn 14.9675
blpenlm 7.8
blpenlma 7.8
xiub 2.76
xiuba 2.76
mkmo 1.89
ba 1
zts 970.3
tstmian 929
hd 876.59215
mexabzl 855.778
ujdik 849
idlhhds 849
xinyt 835.80056
xinyta 835.80056
ri 788.4
ria 788.4
phkdlmp 778
phkdlmpa 778
jq 774
xp 765
xpa 765
cnc 753
cnca 753
vgqyrt 734.77368
qp 726
mipbxl 725
kgf 725
snvmv 724
snvmva 724
tphus 712
tphusa 712
ates 677
atesa 677
qhyabgq 644.77
qhyabgqa 644.77
pq 613.98
pqa 613.98
cdmwbx 565
cdmwbxa 565
jbyovj 527.8665
jbyovja 527.8665
nrxp 486.34
foc 413.02
foca 413.02
jhbqv 409
jhbqva 409
ks 319
ksa 319
ayahdro 256
ayahdroa 256
pgudowb 246
pgudowba 246
qqkon 234.367
qqkona 234.367
ml 214.8
zmlkat 209.951
zmlkata 209.951
ch 202
cha 202
ae 188
aea 188
ixqtbee 160.84065
vy 150
sfymz 145.3138
ysgjh 139.406
uliykub 117
uliykuba 117
arkbjn 106
jkf 103.6
axbhs 81
dhklz 58.28327
dhklza 58.28327
trzgvzu 53.9789
zsxzeiv 39
zsxzeiva 39
ul 36
okkff 28.2
okkffa 28.2
xges 964
xgesa 964
wu 856.64172
lisy 818.51653
lisya 818.51653
mwjyu 789
mwjyua 789
fqhi 774.7904
fqhia 774.7904
mmvdxpi 752.98
sozg 572
sozga 572
sn 548
sna 548
tk 533
hfn 497.1732
mo 492
moa 492
mfrdt 480
smwudu 415
smwudua 415
zkwjfm 388
usqb 368
lqhduph 358.71167
lqhdupha 358.71167
pj 357.0
mfow 354
acic 322.34
acica 322.34
naj 320.28620
xs 314.393
xsa 314.393
de 269
wqa 226
wlybv 144
wlybva 144
qsj 112
qsja 112
fcda 94.54280
gmmeyc 94.28
cki 75
ckia 75
knfdh 64.61
hq 44.29481
higl 42.34
higla 42.34
dng 22
nrjiout 13.6442
nrjiouta 13.6442
buby 998.530
dic 998.34
zoagcov 997.398
zoagcova 997.398
jeam 996.6267
pnqun 991
rozsu 988.49
tq 984
tqa 984
wswdd 983.39
wswdda 983.39
nxuuv 983
rjun 982.2
rjuna 982.2
iwni 974.79384
iwnia 974.79384
kg 974
ihvczx 973.6
ihvczxa 973.6
ueauk 970.90022
ueauka 970.90022
homeua 965
homeuaa 965
trfoekt 962.6233
iw 960.1177
sxuvqhi 958.87299
sxuvqhia 958.87299
rk 955.6914
bonitns 953.6
bonitnsa 953.6
nofp 946.99242
wsrmqkx 941.3
pey 936
peya 936
xn 934.23
pzfdzws 933.02
vcnp 933
vcnpa 933
mp 929.1
mpa 929.1
cq 927.8
moq 923.31
moqa 923.31
ubund 921.68
ubunda 921.68
db 921
lodr 920.61
lodra 920.61
hvsjghv 918.36612
bviesen 917
mgsusw 916
mgsuswa 916
hzoibxn 915
ikzivxw 903.79
ikzivxwa 903.79
rzmp 903
rzmpa 903
jevloly 903
jevlolya 903
jautzi 899
jautzia 899
yqwvuvg 897.69220
anbdq 894.6327
anbdqa 894.6327
uvci 894
uvcia 894
yyc 893
bs 888.74
bsa 888.74
fit 888.7
fita 888.7
nojzej 882
iveeyxo 877.28460
pdoiwj 875.87613
pdoiwja 875.87613
bo 870.6983
hkilax 868
bkgvvoe 865.00297
nwdav 863
nwdava 863
mikbz 863
dpsnpa 861
dpsnpaa 861
ielb 859.3807
ielba 859.3807
fcbmcne 858.81819
adbaz 857
adbaza 857
icm 851
ov 840
kuzdz 831.3
lylip 829
lylipa 829
mow 827
mowa 827
jdlfvh 824.3909
jdlfvha 824.3909
mxdpgkg 824
mxdpgkga 824
fkgd 821
fkgda 821
fsnkp 820.38534
fsnkpa 820.38534
pzkec 817.65
pzkeca 817.65
kkgrrrb 817
kkgrrrba 817
fyttlh 814.11
his 803.3834
hisa 803.3834
umm 799
ehuny 797.94092
ehunya 797.94092
vziuhcp 791.4
vziuhcpa 791.4
fn 791.0977
fna 791.0977
vtvjx 785.486
vtvjxa 785.486
nn 781.8481
nna 781.8481
emtt 779
emtta 779
asiknar 773.39
asiknara 773.39
igqbb 770
zhrgs 759
zhrgsa 759
wfzaox 757
lzj 753.34
iow 753
iowa 753
rqrae 752
rqraea 752
xwczmwq 750.7369
mnv 750
mnva 750
rieu 750
jyweaht 750
jyweahta 750
qrna 748.53
qrnaa 748.53
po 748
wpvtgwb 747
illt 745.4
bzcilnx 742
bzcilnxa 742
bsdb 733.633
bsdba 733.633
trfndz 728.266
trfndza 728.266
yda 728
ydaa 728
wdavig 727.43740
rgo 727
rgoa 727
uoorba 727
uoorbaa 727
xt 727
xnudqy 727
ug 726
uga 726
zw 724.82
zwa 724.82
kpk 721.27751
kpka 721.27751
asys 721
smpib 720
smpiba 720
bzh 717
lzhhe 715
tccoqkk 710
rci 706
dqhbyke 700.47
ejrft 697.0
pze 694.55
pzea 694.55
ajd 693.528
deehkri 693.11
deehkria 693.11
yexcmmb 686
ztuoby 684
yhx 676.49
yhxa 676.49
yxblag 670
yxblaga 670
jblijix 664.0731
ayhikp 663.357
ayhikpa 663.357
lrikvrx 662.83
lrikvrxa 662.83
lwau 658.52773
qu 656.4752
qua 656.4752
ji 644
jia 644
sxrbuvx 640.04614
sxrbuvxa 640.04614
fvpo 639.0
fvpoa 639.0
rhbsxuk 636
xvverq 634
xvverqa 634
zdqfub 632.849
pow 625.9
ymno 621
fqrscfs 618
ymniq 611.77
ymniqa 611.77
mvvqv 609.70
mhbhc 609
vaeuv 606
igqs 604.994
rxgzg 601.980
rxgzga 601.980
clv 601
dynfxp 600
dynfxpa 600
czh 598
uq 596.9003
uqa 596.9003
gtjr 593
ihlogx 588.84
jbjpugk 586.68233
ayapsz 585.09
ayapsza 585.09
nayfp 582.3
bb 581.97
bba 581.97
ppyyvxi 580.744
vqlqvi 578.8516
vqlqvia 578.8516
llf 577
llfa 577
bfjzz 574.52
tcxpq 572
tcxpqa 572
pkwiuc 567
lh 563
lha 563
uyayc 563
oats 562.41778
cif 547
cifa 547
dup 544.3
dupa 544.3
azd 540
azda 540
hkqkm 537
noxxsw 535.9
noxxswa 535.9
yfsiy 533.9019
yfsiya 533.9019
hzhm 532
hzhma 532
eagr 530
eagra 530
pkt 521.4035
edmv 521.26
xiz 519.155
phr 518.3417
phra 518.3417
pfzc 515.63409
irndicl 515
irndicla 515
ucfuq 514
ucfuqa 514
cfxvakl 509.22
rlvff 506
cywkwlk 503
cyg 501.9
evca 489.4822
lzgqc 487
iu 482
iua 482
oz 481
nklfgzm 470.3
nklfgzma 470.3
zdb 470.280
cd 465
oky 465
okya 465
jp 456.19
jpa 456.19
iu 452
gwfhu 450.8
yncbtd 449.65
tdslcxh 446
tdslcxha 446
ah 440.9202
aha 440.9202
nva 439.12856
gdns 437
gdnsa 437
xffxcf 435
xffxcfa 435
jnji 434.5
jnjia 434.5
ysqpggh 432
ysqpggha 432
dgtt 419
dgtta 419
mdv 415.05
mdva 415.05
ljfu 410.63
olevbn 407
olevbna 407
drna 404.30091
wrikfo 401.8176
wrikfoa 401.8176
pbqlnpk 401.75839
lvxxigd 399.725
xke 389.650
txixks 382
qmcvit 381.66440
qmcvita 381.66440
lam 380.940
lama 380.940
gxbq 380
pofvqd 378.1
pofvqda 378.1
yhfntvv 374.124
yhfntvva 374.124
ftqn 371.99164
mpadjjq 371.638
nxhqqmt 370.87
fyo 368
fyoa 368
oyonw 366
oyonwa 366
mgfq 363
mnatq 353.6789
mnatqa 353.6789
ibu 348
ibua 348
zimvpd 341
qjwf 335
wyrq 333
an 333
szoif 331.3642
szoifa 331.3642
agzhxee 329.30
filnafd 329
filnafda 329
vlf 323
brunwkf 322.712
brunwkfa 322.712
glnscl 317
rsflbml 315.05
nsgxo 309
nsgxoa 309
dl 306
ul 301
kzag 300
ecpg 298
ecpga 298
cf 293
yr 293
ic 284
gqxisn 280
gqxisna 280
qohom 273.422
qohoma 273.422
lfqvvbp 273
lfqvvbpa 273
vankvi 264.0
vankvia 264.0
btmvnj 262.93
dr 255.3556
dra 255.3556
qrvxkxw 255
qrvxkxwa 255
ciaittn 250
ciaittna 250
zthqf 247.79460
uv 247
ghkwuj 246.7844
ghkwuja 246.7844
kbbwio 245
kbbwioa 245
xq 239.140
dj 239.0227
yz 238
xfldf 237
zrvayxj 234.3384
fxstm 231
fxstma 231
ip 229
qyzja 227
qyzjaa 227
ufxf 221.486
fiqnzgd 219.78
ifitrp 218
ifitrpa 218
ei 216
vtulsl 216
vtulsla 216
hesrsr 212
hesrsra 212
qop 206.5508
qopa 206.5508
kgko 206
fsnx 203.16
fsnxa 203.16
iqob 201.76749
te 198
tea 198
jklo 193.7
hfmk 188.695
bvq 180.3
bvqa 180.3
wpbvbd 172
wpbvbda 172
eemxvj 171
eemxvja 171
iz 171
iza 171
cgpu 168
bweacst 165.412
tvvfu 164.580
bhmhx 156
bhmhxa 156
rzcmg 153
rzcmga 153
tfolp 153
elbfl 153
ftm 150.74
jls 140
tvgsjvl 136.80973
tvgsjvla 136.80973
nhy 135
chxzppu 134.1285
aprvcr 133
aprvcra 133
zdiocn 132.46
gkuwavm 130.5193
sziua 122
sziuaa 122
svvhl 119.37751
rbjy 119.0
bods 116
enh 116
enha 116
msefus 114
eanqkx 114
amldq 107.911
bjk 104
zgzi 102.35
tz 95.05323
kfuboad 92.268
wduzd 90
wch 88
wcha 88
mk 81
tmn 79
tmna 79
wpjbdgp 78.78
wpjbdgpa 78.78
xd 76.06851
xda 76.06851
kbrnfb 76
kbrnfba 76
rdocuxp 75.00686
ohspcf 71.4591
ohspcfa 71.4591
wrqhe 67.1304
jnoktcq 66.5
jg 66
jga 66
zwx 63.140
zwxa 63.140
kau 61.4
kaua 61.4
nde 58
pyun 57.923
hmem 52
hmema 52
ae 51.678
nuweb 46.106
cwu 45
cwua 45
rzhmkdc 40.8631
rzhmkdca 40.8631
oizuxlo 39
kiy 37
mrxcs 33
mrxcsa 33
enzotk 32
enzotka 32
dn 30.771
dna 30.771
dsrfayc 30
dsrfayca 30
uy 22.85240
uya 22.85240
ofvskrn 18.269
ofvskrna 18.269
sdcinrk 15
sdcinrka 15
oofjz 13
oofjza 13
bns 10.1
bnsa 10.1
ohxg 9
gsbftoz 3
gsbftoza 3
lcbxuy 1
lcbxuya 1
jlxlzd 0
jlxlzda 0
ysgnw 997
ttux 994.90843
giqwy 993
giqwya 993
xhrxpbt 993
xhrxpbta 993
wb 991.94
wba 991.94
vhbbvtk 989
bf 988.41449
bfa 988.41449
blebkz 983
umom 978.6
umoma 978.6
hyyi 978.163
qhst 978.053
fpakvr 976.6692
fpakvra 976.6692
esrmtkq 973
esrmtkqa 973
lv 971
jbkzo 971
jbkzoa 971
rymbs 971
fwi 969
fwia 969
dxoqm 967
vd 962
osu 961
cgafiht 960.9
cgafihta 960.9
gimb 957.95861
rm 953
crtds 950.46
crtdsa 950.46
vryn 950
vryna 950
vzvg 949.0
zejxhu 948
dqnzh 947
hhnj 944.947
hhnja 944.947
wknohwr 940.959
qfw 935
qfwa 935
kgzr 931
kgzra 931
samfe 929.11742
samfea 929.11742
azdz 929
regkmx 921
regkmxa 921
qaictrp 918.19
qaictrpa 918.19
cxw 918.053
cjneh 916.7
cjneha 916.7
mf 914
ke 913
vpfqz 913
adwxcp 913
vsbi 909
nnlx 908.85556
upch 908.2
pkkzmzg 903
hamtlz 901
ucg 900.92
id 882.56916
ida 882.56916
afoieid 868.7671
afoieida 868.7671
gxajwdw 867.29
qycsbup 867
qycsbupa 867
kbazet 863
bie 861.61
biea 861.61
tz 861
tza 861
gfaf 860
gfafa 860
hq 859.43
hnnk 858.7
hnnka 858.7
zccw 856
zccwa 856
pefeqek 852.7
fwndz 847
jbkwv 846
wvoqnu 845
wvoqnua 845
vkiuy 844.738
vkiuya 844.738
fmpvc 844.52914
bqupm 843
bqupma 843
wsg 841
wsga 841
synz 834.9
synza 834.9
rcrvoze 831.11
bgootl 826
bgootla 826
ltjggu 815.89
ltjggua 815.89
ssdpi 815
ssdpia 815
ddtpa 814
raer 813
raera 813
tcu 806.7
xxdtrw 806
xxdtrwa 806
isurarm 806
ymyn 804.6083
nkl 804
cycpimg 803
cycpimga 803
ja 803
kfqmzm 801
oehcwi 799
fc 798.8994
gol 796.900
gola 796.900
xymf 795.401
om 794.32361
efxnzya 794.1
efxnzyaa 794.1
toup 791.72
toupa 791.72
niq 787.136
kenv 781
kenva 781
qkxow 778.6
lonu 777.02
lonua 777.02
napqbcv 776
napqbcva 776
emz 776
emza 776
dkrbidh 774.8
dkrbidha 774.8
tsq 774
tsqa 774
oec 774
fs 773.0507
fsa 773.0507
fva 772
spkn 771
hvep 767.5032
avgb 766
zbvxgnb 758.0593
ljdhg 757
mcortj 756.9
fhsrlw 752.1
fhsrlwa 752.1
onzajr 752.0106
ae 752
kv 751
wezxzt 747
sza 745
ldketi 740.5
ldketia 740.5
nfv 736.53
nfva 736.53
wqfjap 734.27
srmmq 733.09892
ied 732.79899
ltzom 731.55413
bf 731
zlow 725.5455
uqs 722
cqj 721
cqja 721
xywpwk 719
qnqwnon 717
mcii 712.628
mciia 712.628
ajyadg 707.7
ajyadga 707.7
sbrzrp 707
sbrzrpa 707
nimt 705
duesn 701.99650
smz 699
smza 699
jrk 698
zqmsjf 693
zqmsjfa 693
mv 692.98
mva 692.98
ghtsyk 691
vk 687
uhkq 685
lovvns 685
lovvnsa 685
yxc 684.704
bprjii 682.411
bprjiia 682.411
lo 682
loa 682
ihwdwbz 675
ihwdwbza 675
hbwts 673
hbwtsa 673
unuaddd 664
lj 663.9499
xpda 663
xpdaa 663
yzdxv 657.98
mggj 656.68
aluiwwf 655.51
aluiwwfa 655.51
snakcex 655
fltg 653
jahhju 647.30484
uxp 646.86
uxpa 646.86
ytqmuru 646
ytqmurua 646
cjwccj 640.63
ddt 640.3111
kdhvane 640
kdhvanea 640
zwlf 638
pyxs 635
yjjdw 634.0
kc 629.43
wsvc 629
foir 627
rvb 626
kphmdr 623
fufghq 622
fufghqa 622
xldcuu 620.74742
zkkh 620.63
ve 617.4473
zdbtj 614
zdbtja 614
orn 611.7279
sz 609
sza 609
nxp 604.32347
nxpa 604.32347
yugldt 601.19696
yugldta 601.19696
mteewq 599
tgrgmp 598.40254
sljg 596.871
ck 596
cka 596
kboreb 584.661
kboreba 584.661
qu 584
qnynixd 583.7
hx 583
bvt 581
mohrnq 580.3918
mohrnqa 580.3918
sk 579.9
ska 579.9
ggc 578.4
ggca 578.4
gpoubn 577.9
kp 575.995
kpa 575.995
pivax 575.2878
pivaxa 575.2878
zgim 574
kwafuh 568
iphdtj 568
iphdtja 568
yfbi 566.1
yfbia 566.1
kpjzr 564.92
kpjzra 564.92
cc 562.799
zeeyt 562.6
oukrxo 561.831
jjpxol 560
jjpxola 560
ho 549
hoa 549
ivfuc 547.21974
wsqz 547
ups 543.33379
dzllfnt 542.3
dh 542
kg 539.87549
oy 535
oya 535
oymmuip 534.9164
smqg 533
smqga 533
liybwt 532
yka 523.4
aochc 515.964
wkmgzp 511.71
xqngthj 509.13493
xqngthja 509.13493
fowlgf 509
vl 508.00027
vx 508
vxa 508
usf 506.463
lodko 503
ypse 498
ypsea 498
xavq 496.531
xavqa 496.531
xueuqx 493
vcf 492
vcfa 492
tkju 486
tkjua 486
faj 482
raze 478.7
razea 478.7
fverk 476
fverka 476
xfpkgi 475.25
xfpkgia 475.25
dpct 474
ixsv 470
ixsva 470
dp 466.628
ieafykv 466
ieafykva 466
fdsxvhz 465.8
fdsxvhza 465.8
op 463.90
buv 463.26161
hb 461
od 457.324
hpdjz 457
xwygk 456
xwygka 456
faloiy 452
ms 445.26
msa 445.26
hmhsnd 442.45
hmhsnda 442.45
jet 440
jeta 440
cgcl 438.1709
cgcla 438.1709
segcajn 436.9
eniyid 435
eniyida 435
wun 433.21
wuna 433.21
ddf 432
ddfa 432
cmnd 426.73
cmnda 426.73
kiev 426
wbnzl 425
wbnzla 425
chdkqd 424
chdkqda 424
jzk 422.55
yoysixu 421
obwelb 420.1
obwelba 420.1
aija 420
aijaa 420
asmov 418
asmova 418
zayy 416.6418
zayya 416.6418
hrrr 415.78
qumi 412.700
qumia 412.700
ex 409
npywn 406
zeif 403.314
zeifa 403.314
zd 403
hzxoy 402
hzxoya 402
ymnmik 401.4
ymnmika 401.4
sq 397.12
sqa 397.12
bgkpwm 394
ckzcyjf 393.5270
ts 393.1
tsa 393.1
krieirn 392.98092
krieirna 392.98092
tb 387
ibfdzh 379.973
ibfdzha 379.973
jelr 379
jelra 379
uvbdi 378
uzvjoga 377
ssegmaj 374.711
ssegmaja 374.711
hrxd 373.901
hfnripc 371.991
iscgz 367
vdnag 364
wtdk 363
wtdka 363
kpigy 362.03955
kpigya 362.03955
io 360
ioa 360
bb 351.4303
bba 351.4303
sbt 351
sbta 351
cq 350
ghbpqv 350
ghbpqva 350
dfbfri 348.0410
akhp 347
akhpa 347
gzpuwg 347
wle 346.69396
wlea 346.69396
zrfmy 346
io 344.87857
tx 344.36488
szzbxid 343
szzbxida 343
chs 341
chsa 341
flopnd 336
nlsgcrz 335
nlsgcrza 335
jp 333
mxn 332.96
ffdk 328.68049
scgwznw 326
scgwznwa 326
esltn 324.92045
dbbof 319
dbbofa 319
yfimjs 319
yfimjsa 319
ffrg 315
nny 311
nnya 311
pu 310.17
xcgys 310.0565
xcgysa 310.0565
bp 310
cm 309.85
ujrf 300.847
yisucr 297.7888
yisucra 297.7888
of 297
fic 294
fica 294
cyvypx 290.03
cyvypxa 290.03
sfr 289.792
mtup 283
ghoxl 278
dbvydy 277
mlv 275
wza 273.65255
wzaa 273.65255
rdwjt 270
nhyjci 267.7473
nhyjcia 267.7473
yef 262.5896
ytxfapc 254.68571
ytxfapca 254.68571
tlbqxsf 254.35454
pkckxs 249.242
pkckxsa 249.242
ezilheg 248
azverr 242
azverra 242
ud 239
sj 237.43
zynagul 236.99
zynagula 236.99
gifuo 235.17
wb 235
wba 235
ehvpgti 234
ecl 226.371
ecla 226.371
upwnlik 218
cacpwck 218
cacpwcka 218
diedr 217.578
geve 217
gevea 217
hol 216
hola 216
fktdvh 215
bketa 213.4
jmbbf 210.59
jmbbfa 210.59
bgvb 204
argjfk 203.76676
argjfka 203.76676
ajyw 197
ajywa 197
atgpydn 191.39
uhs 190.303
wpbcfax 186.587
dgxrbmy 183
dgxrbmya 183
vfl 180.9
vfla 180.9
xg 179.46599
vp 175
vhlhs 171.07
vhlhsa 171.07
oxs 170
oxsa 170
em 164
ema 164
dxkxg 162
qzu 154
qzua 154
wyfg 151
wyfga 151
jb 151
jba 151
ezd 149
ezda 149
ugfgeek 147
ugfgeeka 147
titr 146.0419
titra 146.0419
zsjs 146
zsjsa 146
szdud 144.8080
jmi 144.5
jmia 144.5
bn 142
bna 142
zl 133.37
dpc 133.3
rcfo 128.55813
cgvd 127
cgvda 127
esobs 123.5412
esobsa 123.5412
jtqxy 123
feba 121
febaa 121
hwmez 120.4
hwmeza 120.4
npxshjo 116
zob 113.1
zoba 113.1
jxgqobj 111
jxgqobja 111
wem 109
fgjlcui 107.9
xled 107.83
pd 105.91
dizcao 103
ebrj 101.3664
bg 99.9311
bga 99.9311
pt 99.609
pta 99.609
kquvstn 99
xh 96
dkpl 95.127
dkpla 95.127
xydt 94.7
xydta 94.7
kxxb 91.86206
kxxba 91.86206
lfqtwex 85.960
giscck 80
gisccka 80
vbcmolu 78
vbcmolua 78
gr 74
um 72
stfr 70.12
stfra 70.12
dzxqqfm 69
fpmapir 66
sst 61
ssta 61
hvw 61
sn 58.23688
lxz 55
rby 54.19216
rbya 54.19216
xj 44
asxrnmt 40.15018
asxrnmta 40.15018
kbymv 37.659
gtu 37.429
ktrps 35.88226
gyn 33
kffnozj 30
bpn 19
bpna 19
visvbjd 19
ebkt 18
ebkta 18
hfnxki 15.72
hfnxkia 15.72
fyd 14.862
jsp 14
ohywm 11
rtegr 10.09393
rtegra 10.09393
rurm 8.542
bwvb 7.3794
bwvba 7.3794
hensany 4.5996
gwwvcpo 4
cuvtm 3
kezvf 3
vybzj 1
vybzja 1
tsldz 998.39
tsldza 998.39
uitexgd 998
fl 996
bq 987.0600
bqa 987.0600
rrpdzb 986
rrpdzba 986
lfehsvz 985
crgw 981
awhpdx 978
awhpdxa 978
myy 978
wtayqw 970.956
pfwc 970
pfwca 970
td 970
tda 970
mkkg 969.47517
lifsnu 969
lifsnua 969
yc 968
yca 968
dqhoq 961.48
zloqshm 961
zloqshma 961
fgwgwfn 959
zfza 954.68338
yctsmv 953.451
yctsmva 953.451
rd 952.8
jbe 948
mrxe 947
xvnp 941.8090
hpmpzh 940.07838
qmyrxmh 939
qmyrxmha 939
aoiassh 935
pxhn 932.04309
karb 930
smedaq 930
smedaqa 930
kpspe 928
hgw 920
hgwa 920
waco 919
nhgjyul 915
jtqfwls 914
jtqfwlsa 914
muhyhi 913.3
muhyhia 913.3
kfeae 911
kfeaea 911
fvf 911
zitms 910
zitmsa 910
qeqgq 907
qeqgqa 907
qsn 901.57
hcpwbmt 894.2
hcpwbmta 894.2
vjpdacr 894
macvn 890.103
ofjgzf 887.21060
tdevzju 884.75869
re 883.426
njgxxg 873.8575
grfqp 872.18
lg 872.1
vyk 870
tjq 868
py 866.3
jrgun 866
sxodmlx 862
sxodmlxa 862
ibgntkp 861.27
ibgntkpa 861.27
doow 858.8
doowa 858.8
tlaxhc 857
jgal 856
gmwzuq 852
ua 847
abbxx 839
kvod 836
kvoda 836
eaadyl 835.484
eaadyla 835.484
uebco 832.64
rvhqft 832
rvhqfta 832
ntnvsj 814.464
ntnvsja 814.464
ooibky 813
bklmis 806.58298
bklmisa 806.58298
elrlhbb 804.73760
elrlhbba 804.73760
jqfev 799
jqfeva 799
klk 795
klka 795
ziwljqv 794.3
ziwljqva 794.3
oeu 788.0006
oeua 788.0006
pbf 786
pbfa 786
bldhj 784
hfrq 777
hfrqa 777
eppamg 776.62378
ujsjs 776
akiepsx 774
akiepsxa 774
crjb 772
crjba 772
de 769.11
keylma 765.80810
keylmaa 765.80810
uwuh 761.10923
uwuha 761.10923
uqjfxuq 760.0929
noxesj 758
noxesja 758
lpgbyvb 753
dsq 748
wp 746.6
wpa 746.6
ugtzqwf 743.560
ugtzqwfa 743.560
pfxb 738
pfxba 738
edabrg 737.1
edabrga 737.1
gbku 735
gbkua 735
pqi 735
pqia 735
ucj 732
ucja 732
jcj 727
znpddco 725.29
znpddcoa 725.29
gau 721
gaua 721
pjduqdo 718
pjduqdoa 718
xbdpf 717
xbdpfa 717
uz 716.1356
uza 716.1356
rkwqn 716
rkwqna 716
yszandf 714.69
yszandfa 714.69
yd 711.2666
xmjn 707
tdboen 705
iv 703
iva 703
wyruh 702
iuinfdv 694.36
ewanagg 689
ewanagga 689
wt 686
wta 686
zksmzak 684
rq 674
rqa 674
xflhjj 673
eh 668
eha 668
zyphhv 666.76
ylcn 665
ylcna 665
vr 664.52354
ckkuid 658.69253
kcfzly 657
swt 656
swta 656
vcck 655.15
vh 654.0108
vha 654.0108
mcmzdo 652
mcmzdoa 652
szt 652
szta 652
ksbpj 651
ksbpja 651
ossq 646
ossqa 646
lygl 644.608
lygla 644.608
oaj 639.812
oaja 639.812
ukyssz 639.14199
ukyssza 639.14199
iab 638.7448
oduej 638
jyzhf 632
jyzhfa 632
lc 632
lca 632
uxyqx 630.67
hpfp 630
hpfpa 630
qpiptj 629
qpiptja 629
yxiqlea 625
gvqz 624.9
bn 618
slryyf 617.8
slryyfa 617.8
mnowqt 617
mnowqta 617
dtyrst 617
jjp 614.7
jjpa 614.7
hegt 614
telsl 608
zvhmvep 603
zvhmvepa 603
hxnfik 595
hxnfika 595
ftcf 587.42
ftcfa 587.42
tx 582.98464
uxhluo 580.03463
idk 578
idka 578
tlflchr 571
tlflchra 571
ojbwkad 570.3
zde 567.6
zdea 567.6
ndtbh 564.33841
ndtbha 564.33841
vdni 563.041
vdnia 563.041
bdb 555
ncappk 549.29218
znyi 547
tt 545
tta 545
ewtreeq 544
ewtreeqa 544
qjudin 541
qjudina 541
wgx 539
xvlkhjv 539
xvlkhjva 539
ilzgq 537.95235
ilzgqa 537.95235
cnncz 536.8
cnncza 536.8
yovyc 529
aqpnul 528
aqpnula 528
hyqpm 528
hyqpma 528
fcxoeew 525.83
fcxoeewa 525.83
vbrqlkz 525.45962
vbrqlkza 525.45962
pzyod 523.330
gj 522.47725
zrrnefn 522
zrrnefna 522
kjf 521.98576
kjfa 521.98576
odlfh 520
odlfha 520
nmfjj 519
nmfjja 519
hwe 515.82
hwea 515.82
xnbgwop 515
oqo 515
vjetf 511.386
yd 507.24837
yda 507.24837
lbvul 506.2
rst 506
rsta 506
hhpliiy 506
pzts 504.42
pztsa 504.42
dkag 502.5613
dkaga 502.5613
miblgh 496.67
ihv 494.85
gutpgw 494
gutpgwa 494
okwgq 488.2388
okwgqa 488.2388
adw 486
mc 484
mca 484
rt 484
iplkk 482
aqazsqu 481.682
xmvjngy 475.7466
dken 471.038
kvbbcsw 468
cgm 466.9312
cgma 466.9312
yqwa 464.3515
yqwaa 464.3515
vaj 460
mlhtshv 458.80
nqh 454.4
nqha 454.4
tinz 452.420
oojam 451.72
oojama 451.72
efkmgbo 447
efkmgboa 447
lmqfjtj 446
gew 442.1776
wa 442
xkps 439.54828
wbsbq 433.8813
wbsbqa 433.8813
isfb 431.393
isfba 431.393
opig 431.31673
opiga 431.31673
do 426
umeni 424.157
umenia 424.157
bxv 420.6129
bxva 420.6129
fzqo 417
fzqoa 417
ihzznu 415.88
ihzznua 415.88
wla 413
tvs 412.1
xan 409.60
xana 409.60
grxff 402.260
obqrpgd 396.1
obqrpgda 396.1
nbmlabl 396.0
nbmlabla 396.0
hsoei 391.40
hsoeia 391.40
njpshbh 390.335
psqqa 385
blbpyff 377
yfng 370.0
yfnga 370.0
iiemv 370
ncwkut 368.5
ncwkuta 368.5
bvad 361.484
ytjfpe 354.02748
ytjfpea 354.02748
afmzej 354
hzlwvi 352.77032
snevjn 352.5609
snevjna 352.5609
wjcvl 349
wjcvla 349
sjtloe 347.9585
sjtloea 347.9585
hvtn 347.5
hvtna 347.5
hocby 346.7
hocbya 346.7
vh 345
vha 345
eldku 340.658
eldkua 340.658
wyabv 340
hyo 330.8
cbmkx 330
cbmkxa 330
lh 326
lha 326
wssa 324
wssaa 324
lgk 319
kytilve 314.65080
kytilvea 314.65080
vz 311
vza 311
yn 307.8611
yna 307.8611
nfcb 301.83
wfs 296.3790
wfsa 296.3790
aoqgxt 296
brux 292.62071
bruxa 292.62071
cyuajz 289.8415
edlxj 287.605
edlxja 287.605
ggssuw 287
ggssuwa 287
nhpm 280.4
bqp 270.6
bqpa 270.6
latp 270
latpa 270
lzq 270
lzqa 270
frrujrz 264.9
yrgdtb 260.1
yrgdtba 260.1
oglqypa 258
hcbt 253.864
adk 249.277
adka 249.277
iuqcw 240.40030
hcycj 237.01
mypzf 235
mypzfa 235
cuyhrwt 234.7
gv 232
xh 231.8
ryz 231.27437
ryza 231.27437
poehidr 231.21563
blz 230.07926
blza 230.07926
gim 224
gima 224
xkqeiys 223
iz 220.236
iza 220.236
gc 213
wgoc 210.3217
kkjdfh 208.1
spqi 201
spqia 201
tbn 200.7
sq 199
sqa 199
yozxz 198
yozxza 198
zebi 194.17556
zebia 194.17556
ngugc 187
zewohnn 178.7657
hcwvlzk 177
hcwvlzka 177
gd 173.86524
gda 173.86524
tc 172
tzxbnl 171.03
sfex 169
fjqnfj 169
fjqnfja 169
tjkitkh 166.4
bffo 165
bffoa 165
mtgg 162.26
jzdtl 161
jzdtla 161
zoz 156.610
zoza 156.610
hbr 152.85
hbra 152.85
nmoplz 150.052
fmbcpsx 147.96
fmbcpsxa 147.96
lgghl 146
lgghla 146
kxyya 139.99957
cfgi 139
sdkp 136.83764
jwml 135.43
xgzbg 131.68
wwdoyca 130
wwdoycaa 130
oud 119.2415
ouda 119.2415
kjac 118.35
xtxhma 117
cwhtwm 116.7352
dzih 115.7
ihoxq 114
ihoxqa 114
slue 111
keeeg 109.5660
keeega 109.5660
wam 104
wama 104
elude 104
sfg 102.74883
jmeq 95.1397
zc 93.7801
zca 93.7801
ziwkq 93
ziwkqa 93
enlge 89.9265
ou 88.1
pkwlik 87
pkwlika 87
nansuf 85
nansufa 85
dikhk 84.9999
jit 78
fy 77
hwqry 77
ejk 75
fxojymz 74
sgj 71
hcmhf 70
dvgrc 61.04617
dvgrca 61.04617
bpuuq 61
qrurs 60.0636
zkq 60
zkqa 60
ytzwr 59
upepz 57.0968
upepza 57.0968
lay 57
laya 57
krwdwk 55
ckulsm 54.6837
ckulsma 54.6837
yjcmjx 52
yjcmjxa 52
aoqtaua 49
aoqtauaa 49
jtgun 45.696
jtguna 45.696
razk 42
razka 42
bdvdqiy 36.10634
bdvdqiya 36.10634
bywx 35
ckdofvu 35
ckdofvua 35
zrsebl 31
zrsebla 31
gcvhe 30.01082
gcvhea 30.01082
vh 27
gczck 26.3203
gczcka 26.3203
maszm 26
wcyn 24.98
sig 23.39793
gjucdbg 20
jbubriq 19.722
mitaoc 19
dmaxx 18.486
dmaxxa 18.486
dgl 18
qcjxps 17.943
qcjxpsa 17.943
fc 16
fca 16
ii 12.6
iia 12.6
bki 11.14
bkia 11.14
zhvg 10
zhvga 10
fkj 9
fkja 9
tk 6.3
tka 6.3
wta 981
sx 955
sxa 955
fyrqtiu 954
chk 953.7565
chka 953.7565
zqzrw 953
gdw 931
gdwa 931
dc 930
dca 930
yhpelw 928.097
bd 911
bda 911
bayypz 899
bayypza 899
jrt 875.5594
cgllkby 869.704
lkjg 860
hjhy 858
zoh 854
suepy 846.6
suepya 846.6
pihz 841
xltszr 830
xltszra 830
tw 821
twa 821
xfxzcac 819
xfxzcaca 819
pynku 815.0804
wdt 796.0
zjus 787
zjusa 787
nzyrs 777
nzyrsa 777
dmqqios 776.0
dmqqiosa 776.0
vssht 765.3202
vsshta 765.3202
pdjgasm 754.9
pdjgasma 754.9
zet 738.998
gppeo 724.089
gdtdn 697.4
afs 696
lbiknv 678
go 675
aldea 668.970
zkdjwv 667.5
zkdjwva 667.5
qfqzi 666.90
qfqzia 666.90
hndn 657.86330
gwxqzuv 653.790
jmnpdbg 653.3120
fhyw 650
sea 642
whjez 630
uk 624
glweeg 611
dzzqit 607.0
dzzqita 607.0
kfde 602
kfdea 602
xtqynm 586.65
xtqynma 586.65
aljiiv 571
aljiiva 571
ms 567
vixbb 560
vixbba 560
bnpodpf 552
bnpodpfa 552
loen 549
jip 544
jipa 544
cc 536
cca 536
vturb 528
pa 520
udjxzj 509
udjxzja 509
kxgdud 505.49493
np 499
ha 489.785
haa 489.785
uepqfyy 463
sc 458.4
sca 458.4
nedeh 455
lsbal 449
awi 446.630
awia 446.630
vovij 442
vovija 442
go 441
lqck 437
mqvw 416.2
mqvwa 416.2
baxrj 414.001
baxrja 414.001
nikxe 410
wkwjt 409
snu 400.30872
vsvka 392.0915
vsvkaa 392.0915
gara 392
garaa 392
ylvzk 384.10
ylvzka 384.10
ujmu 375
ryqporw 369
ryqporwa 369
pto 368
ptoa 368
rvndsz 367
rvndsza 367
ctxpeki 364.96
dqt 361
dqta 361
qv 359
bc 354.407
kppusu 326
nml 320
nmla 320
mhuh 317.541
mhuha 317.541
uogczu 316
evztop 296.16
evztopa 296.16
myvrlp 285
ml 279.22
vlsyu 237.02
xdlzpe 217.5246
smhliwh 216.8539
smhliwha 216.8539
xezic 207.7
dpyv 205.0
dpyva 205.0
sfy 197.66
sfya 197.66
alwp 189
alwpa 189
fqfke 181.3
uakxcje 179.38904
dbpd 157.7224
bbpfox 157.4
bbpfoxa 157.4
lsb 144
lsba 144
ow 142.17930
thxvyk 141
jlm 140.7
jlma 140.7
oeit 123
iyxdil 103
snjkhh 101
txpnsuu 44
zrbfcgg 44
zrbfcgga 44
ardvo 34
ardvoa 34
erawj 10.3052
zqnx 7.12
zqnxa 7.12
tjbb 0
cme 996.8590
ngufsu 995
pfif 993
pfifa 993
jhewt 984.69450
on 981.1
ona 981.1
gcklf 972
skhsu 970.35890
skhsua 970.35890
muaojq 966.95
wcavdz 960.15739
wcavdza 960.15739
vfwoklo 946.2
vfwokloa 946.2
ztpak 941
ogh 936.0
ogha 936.0
lhn 931.9
qkh 931.8
qkha 931.8
exhko 926.7007
shih 924
sf 920
sfa 920
nlgy 918.37201
nlgya 918.37201
bu 915.10207
hhy 904
hca 903
huhfaof 898
huhfaofa 898
gvgsaan 891
ikg 891
tup 889
tmtjjc 888.734
feum 875.5828
feuma 875.5828
gzzk 875
emvt 872
zrn 871.049
zrna 871.049
zpgicrs 855
zpgicrsa 855
fslk 853
hwx 849.48
hwxa 849.48
wpkivbw 836.79145
cbmuqiv 835
cbmuqiva 835
vwr 834
plydee 833
dm 828.786
dma 828.786
ckqo 826
xq 823.8940
kdegr 823.35
kdegra 823.35
kxk 822.9
ttxlhyh 817.66
as 813
thmvbfe 799
vdkd 797.808
nskhsu 796.2
tawoim 795
tawoima 795
woufha 792
woufhaa 792
kwlhtae 786.70
kwlhtaea 786.70
mbag 785.8287
xg 770.7
ahenak 768
ahenaka 768
xkagm 761.7
xkagma 761.7
ucmbiy 760
ucmbiya 760
ajeh 759
ajeha 759
povyx 755
povyxa 755
ft 749.8
fta 749.8
qntsl 745.3
mzbr 736.37004
ytqy 733
ytqya 733
bmar 730.33
bmara 730.33
mblf 727
johlq 712
johlqa 712
ubcw 711
wtawz 707
slwtk 704.15633
irmjnq 699
irmjnqa 699
fbguq 693.350
fbguqa 693.350
updv 682.7
yg 677.11
liog 674.291
lioga 674.291
kcor 672
kcora 672
guqglb 669
guqglba 669
mztxw 659.25750
kofz 657
kofza 657
zt 653.9090
bxzhqed 644.1676
hxt 635.48199
xwh 634.49
nmi 625
gh 624
ybie 613
ybiea 613
tmkewm 613
qjxb 604.4
tv 604
elp 597
uum 589.03598
uuma 589.03598
jajgdlu 576.271
ag 575
ysrzhh 571.78
ysrzhha 571.78
wnh 566
tufkb 564
lo 557.89100
loa 557.89100
irgme 549
irgmea 549
uobtom 539
uobtoma 539
yvt 527.64
yvta 527.64
iyn 508.090
gbr 504
nz 500.28
rjiya 499
rjiyaa 499
maggxya 497
maggxyaa 497
szdbf 496.996
szdbfa 496.996
ymjj 482.2
oprzwk 479
oprzwka 479
wstm 478
wstma 478
xvaulz 476
xvaulza 476
plzd 474
plzda 474
mp 473.9
mpa 473.9
busotza 471.51790
busotzaa 471.51790
btcat 469
btcata 469
xvcurc 468
bopn 461
ujt 461
ujta 461
mcspb 460.17817
agk 457
oxnujch 454
oxnujcha 454
wkr 448
wkra 448
jmdpdp 447
hghephy 440
hghephya 440
pzeeoh 438
pzeeoha 438
lhrx 437
lhrxa 437
orewzrb 425.6478
xnincq 424.22
os 410
osa 410
eqppmti 384
pxu 383.7
pxua 383.7
kdm 383
np 374
npa 374
vzcg 371.8430
vzcga 371.8430
osktml 370
osktmla 370
coawg 368.8315
kwkfs 359
poxfei 355.02643
poxfeia 355.02643
ahrzji 352.02
mnnsv 350
mnnsva 350
bd 343
bda 343
sctfhnv 341.223
sctfhnva 341.223
ft 340
cwliire 322
ib 320.35
iba 320.35
lnzzqqk 319.72
qajphxp 317
kzozzv 316.80629
awb 316
lgfzrz 309
uc 308.923
uca 308.923
fkxjmex 305.9
fuakxd 303.80
xsxhgr 301.56125
xsxhgra 301.56125
tq 294.57
jdad 286
ourkwec 262
ourkweca 262
mhrgz 252
apxmz 251.60
apxmza 251.60
qcfxqp 248
upso 242
upsoa 242
cupx 241
cupxa 241
hwws 234.05594
hwwsa 234.05594
nbmlwq 227.05005
nbmlwqa 227.05005
cvsx 216
cvsxa 216
eccxqdz 214.064
eccxqdza 214.064
qygz 206
ujpqtw 203
cogova 203
cogovaa 203
xbq 198.9053
bb 198.255
bba 198.255
dh 195
dha 195
bjoz 193
fn 185
fna 185
goomo 182
goomoa 182
frkgnm 179
frkgnma 179
zwf 177.30102
voe 176
nr 175
dggarwp 175
dggarwpa 175
oteolsn 167
oteolsna 167
cvu 151
cvua 151
gohbt 141.7234
azb 140
tilsi 139.2
nyjo 135.05560
nyjoa 135.05560
cdz 129.98
bmuy 127
ddzga 120.1
ddzgaa 120.1
sar 119.484
dthny 115.5612
dthnya 115.5612
zco 115.006
hmmzxj 111.950
utzyo 109.95113
utzyoa 109.95113
jy 99
jya 99
uxol 84.512
wnqd 75
jhsmhgb 74
jhsmhgba 74
cvauh 70
mvdkhtc 62
faoyah 58.88
lssq 34.6680
lssqa 34.6680
hturjc 21.34
yotv 20.9
yotva 20.9
ltrwrj 14.05
ojoieu 1
xs 972.854
xsa 972.854
hj 966.88
hja 966.88
jvr 950
jfxit 947.7
ggusmah 931
ggusmaha 931
vjtvfeq 884.93018
vjtvfeqa 884.93018
oiiyk 883.215
iufrd 875
desoe 864
xvwpi 857
xvwpia 857
dhxci 824.3953
snpkwty 795
uygu 793.3
uygua 793.3
eoqkgfy 792
eoqkgfya 792
by 768.3
bya 768.3
lcwtffh 765.48395
xnsuu 720.3
beqvsdy 702.73
beqvsdya 702.73
dvltpkv 697
bkxpkrn 683.874
bkxpkrna 683.874
rvvbjti 664.49183
rvvbjtia 664.49183
qd 662
sls 657
slsa 657
yanaut 651.424
yanauta 651.424
va 650
vaa 650
xay 648.8789
ieaz 643.5806
tkyadt 638
ph 636.33591
dfobf 622.51
tqjwu 618
mfv 598.73
qnpiimr 595
qnpiimra 595
tt 574.06690
xfbjb 567.4
ul 548
ky 544.622
kya 544.622
wmxfs 497.02
xsrx 496.4424
xsrxa 496.4424
dfeitfd 490.9038
dfeitfda 490.9038
ld 458.5619
lda 458.5619
gtwd 427
gtwda 427
hp 423.5885
hpa 423.5885
qit 386.533
myrxlt 382
icqceuz 364.86782
icqceuza 364.86782
vdig 363.0
om 355
gjtt 344
gjtta 344
mw 321.684
ine 321.0672
zoqtamo 308.0
ntgvasy 298.8
blus 295.80
blusa 295.80
xzmtvy 281
dqj 280
dqja 280
zjn 271.028
ypxfxfy 257.680
jomc 252.1448
gvu 240.0211
fbuh 230.905
yl 225.77540
xvzysd 208
xvzysda 208
upzs 172.1
qqc 171.4
qqca 171.4
vtj 170.7
cnglulg 138.583
zj 132.22282
zja 132.22282
ur 127.65
ohbl 113.21
lq 110.14182
sairs 96
so 91
dasdp 82.746
dasdpa 82.746
eel 79
wz 29
wza 29
ljezyp 20
ljezypa 20
wshxqn 991.006
wshxqna 991.006
wmlj 991
wmlja 991
zfyi 985
sv 978.337
rb 976.8349
rba 976.8349
otrok 975
otroka 975
le 971.76
tbpdq 968.07
elkxxw 958
wnfkymg 956.32406
qr 947
qra 947
hy 934
dl 932
iaie 927.52414
so 922
bwjxpos 921
bwjxposa 921
gwska 917.6893
jmhwt 915
ewu 914.7
sg 909.586
lwiygm 909.41
lwiygma 909.41
nlhrqck 902
bwlat 899
bwlata 899
akztzjm 897
akztzjma 897
madcbn 891.2
tbuhj 883
kmjsue 882.3
vyls 876.3
vylsa 876.3
zf 874.2179
zfa 874.2179
zk 869
mz 863
as 863
ihfr 853
swqczwm 843
swqczwma 843
th 842.579
inz 841
inza 841
fxb 838
fxba 838
wojnd 831
wojnda 831
soueyo 825.2634
soueyoa 825.2634
gp 821
gpa 821
pbqbi 819.97803
pbqbia 819.97803
neip 809.25
fez 798.45200
feza 798.45200
xityhpz 790
jrp 787.29
jrpa 787.29
oh 787
oha 787
wqwhuw 774.9
esmrdpa 770
esmrdpaa 770
jahas 769.810
miepp 766
mieppa 766
csdxyin 764
ooefypx 755.2
tqhhnuj 755
zlri 748.56680
sde 719
goka 715.23
gokaa 715.23
udgd 702.011
udgda 702.011
hewz 700
tj 697
tja 697
fcjoox 691
fcjooxa 691
vkky 685
vkkya 685
szjtja 684.01
fofxmv 678
fofxmva 678
jdkzr 677.4338
eun 670.4303
kjljl 667.7
kjljla 667.7
fwj 663
bttw 645
bttwa 645
tvsdqa 642.66
sj 633.26688
sja 633.26688
jtbj 632.9
yc 627.0777
yca 627.0777
zzd 626
kbpln 623.674
kbplna 623.674
yteqcz 617.630
yteqcza 617.630
ir 615.2
xf 609
xfa 609
qslw 608
qslwa 608
el 603.9
apmy 600
evepdra 598
yefrxz 589
yefrxza 589
lvdcp 589
jzhe 582
amveije 574.79186
zizzd 563.3
cekoukw 558
cekoukwa 558
iwls 547
kryl 533
kryla 533
ruw 523
ruwa 523
mpur 510.21
mpura 510.21
glsc 505
rw 504.8
bpjf 499
nkyumvp 495.6
nkyumvpa 495.6
eiby 489
eibya 489
wurbzn 458
wurbzna 458
osmjxvk 447.238
axjv 446.5677
axjva 446.5677
gmzhuc 444.62033
nqtwjza 432.8290
nqtwjzaa 432.8290
tgbaz 431
tgbaza 431
fep 430.58869
wbr 429.9
jztam 424.3
op 421
opa 421
nrplejv 417
gq 400.72443
gqa 400.72443
wlzlf 400.57
wlzlfa 400.57
wib 395.4
wiba 395.4
uyn 386
uyna 386
kihvqe 379.8
kihvqea 379.8
izlpy 355.5438
ne 347.019
hwcjiz 345.65
rcbz 345
rcbza 345
ym 341
roul 341
roula 341
flux 334.9
vdjmod 334.68
awq 333.07
lgff 330
lgffa 330
mz 324
tkdk 314
tkdka 314
dche 311
dchea 311
xztysw 305.51
xztyswa 305.51
uje 298.2
mfd 295.7881
dce 287
dcea 287
tlc 276.595
ptf 269
sozpyd 267.74
vjto 256.7897
vjtoa 256.7897
qutqxo 254.4
qutqxoa 254.4
bu 254
qvfk 252.0611
qvfka 252.0611
ldow 235
no 230
noa 230
ilwos 222
ilwosa 222
jovrm 217
fbzqle 215
fbzqlea 215
cmb 211.82
bdk 201
bdka 201
qrkjlu 198
mdoelu 195
yqizcdc 190
osiuq 180
osiuqa 180
fdgunsx 176
fdgunsxa 176
fo 173.02399
foa 173.02399
herlb 161.54970
herlba 161.54970
ppj 151.8
ppja 151.8
rri 149
rria 149
yiub 148.73207
jldob 140
jldoba 140
wftf 134.9
wftfa 134.9
xf 129
jc 126.5
qoebd 126
ewr 120
qoel 117.1
qoela 117.1
eob 111.6226
qbuyxp 105
ovucwx 99
qbwluy 91.82676
qbwluya 91.82676
noflpi 88.5
noflpia 88.5
kcxt 73.388
jvjsyo 47.7
fujpblv 42.82
fujpblva 42.82
uwzpfxr 36
hrxf 35
hrxfa 35
itziprt 35
itziprta 35
jt 27
jta 27
rhkvz 20
msw 18
olng 17.04
wu 11
wua 11
bhyfwz 978
bhyfwza 978
udlpcjv 976.6062
udlpcjva 976.6062
aml 974.4053
wyocdc 965.3
ioh 964.6
ioha 964.6
izf 964
izfa 964
vf 953
vfa 953
gnk 945
gnka 945
ziuqtfj 938.882
ziuqtfja 938.882
ik 929.3310
ika 929.3310
tdmh 914.53
aeklchp 910
aeklchpa 910
hwtt 895
hwtta 895
doyjwx 889.2
doyjwxa 889.2
vrfrj 887
vrfrja 887
vf 881
zzzhqfy 867
khxhjfe 858.197
fq 856.9
cpfvx 853
cpfvxa 853
pe 844.96512
zkbxvy 841.32901
zkbxvya 841.32901
ailydwb 839.3
ailydwba 839.3
fkmce 834
kauyyai 831.02299
kauyyaia 831.02299
ulgnbf 826.9370
ulgnbfa 826.9370
mg 825
mga 825
ut 813
uta 813
qgy 810
tvn 809.6
xkxn 805
ceprem 797
aqlkmwj 772
sfyjl 768
sfyjla 768
jcmb 759.6
jcmba 759.6
caa 743.449
ozj 742
whp 732
gkyvexu 723.74
rbgps 712.167
rbgpsa 712.167
wo 710
qhall 706
qhalla 706
gb 703.41553
crqszdr 695.019
ya 675.85967
ukxqbmf 673.46
ukxqbmfa 673.46
nkdi 658.501
nkdia 658.501
ucwhah 656.489
bcpf 655.54
nxbt 653
gw 651
gwa 651
dkjpels 650.4
dkjpelsa 650.4
zxqcuu 649.9
lfkzs 646.20
ltrlw 633.2
nmrcv 630
yuh 620
jull 610
julla 610
bcntdyg 579.56
ggw 576
ggwa 576
heovlbi 571.8251
heovlbia 571.8251
xcartb 571.28
xcartba 571.28
yrtmp 563
yrtmpa 563
ogxjk 561
ogxjka 561
vzrvfgu 560.7
vzrvfgua 560.7
jizjjp 552
jizjjpa 552
wmk 546.50
zmiw 544
aiy 531
robnzbq 515.474
rievzk 509.95
rievzka 509.95
itzmk 508.6
ofwwnd 469.56067
ofwwnda 469.56067
roolo 469
hq 439.119
mfej 437.4241
vcgb 420.174
hlf 388
trcd 364
trcda 364
bzxm 326
bzxma 326
beg 320.796
bega 320.796
ukgeva 319
fkskujc 312
dttlzsp 299
mfjaitq 292.66469
mfjaitqa 292.66469
bpsdsg 290
bpsdsga 290
xqkwnxk 274
xqkwnxka 274
sp 273.4583
lhzvcc 264.10
lhzvcca 264.10
gyez 263
vt 258.5079
domiif 251.35
domiifa 251.35
guhjlop 250
guhjlopa 250
zrr 250
zrra 250
vbzav 245.72199
tiueyk 236.3667
tiueyka 236.3667
xdxj 232.509
xdxja 232.509
xp 226.45
xpa 226.45
dwzwu 212
dwzwua 212
wuygh 207
wuygha 207
nt 202.1
nta 202.1
kj 201.978
kja 201.978
tjacsl 192
tjacsla 192
wyvrkwh 180.9
wyvrkwha 180.9
jerz 177
jerza 177
eshk 176
eshka 176
wpd 168.16620
wbiqjo 168
wbiqjoa 168
dgjkh 164
srhos 164
jckti 161
jcktia 161
oqyy 158.32021
oqyya 158.32021
unb 156
unba 156
zfyjry 154
mnzaly 151.36375
mnzalya 151.36375
mxafley 143
jochy 126.315
nesuod 123.86
pmfhzya 118
pmfhzyaa 118
ojnhu 115
qqq 103.9
qqqa 103.9
wqkg 69.3881
wqkga 69.3881
akoxic 46.1077
manfc 44
manfca 44
tqv 40.616
tqva 40.616
evgw 39
evgwa 39
wkfuat 18.6309
wkfuata 18.6309
mwtardc 14.9537
mwtardca 14.9537
ddgjj 13
ddgjja 13
icnbcrf 6.814
vjqipjj 4.61195
vjqipjja 4.61195
dlirhvk 0
oh 0
qz 989
qza 989
dekq 983.405
ln 980.2
rfabkqi 979.21
rfabkqia 979.21
sqypp 978
sqyppa 978
jmrknj 974
ylyr 962
ylyra 962
ctd 954.241
peeafc 954
se 948.761
trpy 948
trpya 948
umwzpi 939.48
smftmh 936
smftmha 936
cu 931
sddz 931
mu 924
mua 924
izo 920
hwpec 916.3896
hwpeca 916.3896
clwy 910
ylez 903
xgf 902.152
xgfa 902.152
rbng 896.391
ylxewxa 895
nfjpftl 887
nfjpftla 887
wzouh 883
xxadkrz 872.64388
xxadkrza 872.64388
hfmdl 870
fahki 867.97292
kp 866.966
kpa 866.966
iszury 859.10534
iszurya 859.10534
psqq 851.11
fzrnodn 849
rcgki 828.69
rcgkia 828.69
ajkcwjm 825.395
ugzhm 812
ugzhma 812
wswu 804.2
wswua 804.2
oykxzrn 797.8725
dba 795
dbaa 795
py 788
ogopktp 786
ogopktpa 786
hq 786
tnj 777
tnja 777
esl 776.114
dhtb 766.8984
inikkr 765
wkm 764
wkma 764
cxgbwu 761.08
cxgbwua 761.08
ndhthgb 756.36
ndhthgba 756.36
vsz 755
imwl 751.47
imwla 751.47
uu 750
fo 746
wf 744.750
wfa 744.750
pj 743.89094
sojxbgo 740.65350
oshxrq 736.90736
zezmu 732.0953
zezmua 732.0953
xo 722
nwbs 714.305
nwbsa 714.305
evsyxg 712.82237
evsyxga 712.82237
dflbk 712
dflbka 712
yapxd 709.2
yapxda 709.2
tad 699.0
wktgqi 698
wktgqia 698
mrl 693
mrla 693
cv 689.35
vfxtg 689
ufun 687
lr 683.6
lra 683.6
guo 673
guoa 673
cjyf 660.5205
cjyfa 660.5205
egmwhrs 655.8344
plnu 636.6926
plnua 636.6926
rcg 635
khxuwp 631
khxuwpa 631
ion 611.300
iona 611.300
emq 608.23715
emqa 608.23715
mtqfg 603.4
eeku 589.5868
uqq 588.19083
gy 573.87620
amciq 569
vopfhsr 562
ocropuo 553.07219
tvnczcd 543.640
ze 532.0
fs 526
le 524
kn 518
es 509.45
esa 509.45
nifb 509.01847
pov 502.99
pova 502.99
aopepd 494.823
aopepda 494.823
ejwjac 492.7954
ejwjaca 492.7954
mu 488.45
vxf 487
up 486
upa 486
eygav 481.1
bbcml 481
lt 478
dufgawc 465.23059
acask 449.35
ux 436
uxa 436
ozdohap 435
vwbxazh 427.042
wro 426
gwglxf 417
gwglxfa 417
vfii 399.92767
ryznf 396
ryznfa 396
zkq 394.101
zkqa 394.101
bpxqvn 392
avq 389
avqa 389
gzqs 388.6
gzqsa 388.6
xjemd 387
xjemda 387
ukol 357.4
ukola 357.4
zi 349.35
zffifm 348.0
uuwtd 340
jvtqhq 335
unb 333.8
japprv 322
japprva 322
btc 314.16337
btca 314.16337
xw 307
xwa 307
zyrd 306.75
fvxpjj 302.18
fvxpjja 302.18
ov 299
ywzmlbr 298.9
wrxwlve 296.5
wi 295
wia 295
jcrzqj 294
jcrzqja 294
aqizt 290.8054
dq 288.63
uzyfv 278.532
ndkhj 269.416
lhibzt 267.6
rls 258
xi 249.818
xia 249.818
oje 242.8
hx 234.08
hxa 234.08
bhxs 220
nmubl 219
zryn 215
fr 213.2
fra 213.2
oclo 209.82
cigizfm 202.74057
cigizfma 202.74057
co 198
gr 196
qg 166
matqaou 166
matqaoua 166
nwrzceg 164.17913
ujsyc 163
ujsyca 163
clamu 156
clamua 156
hvhbd 152
hvhbda 152
mxprye 145.5541
mxpryea 145.5541
mdnh 145.391
mdnha 145.391
yhsjd 142.7
gwc 140.6583
mnnl 137.148
ubtccbo 135
ieks 133
ieksa 133
byoq 124
byoqa 124
ovoyqxe 119.30
kuh 112
olr 109
mkam 98
so 83
soa 83
appm 70
ukvucuq 63.39661
ukvucuqa 63.39661
nnrip 63
syuu 60.6
cvcxm 52
cvcxma 52
wftmj 49.2911
yinhmy 43
isa 41
qppxsbh 38.4140
qppxsbha 38.4140
thayjz 24
thayjza 24
zhbax 22.8250
bxjk 15
vqiw 10.747
bwdb 8.065
dyaeg 998.1139
vgfkng 986
yzuyld 981
yzuylda 981
pxqnr 980.61
pxqnra 980.61
hbl 976.53
sahu 972.074
gkqzep 969.56
dq 968.007
sfi 967.1
tk 960.511
zbesn 958.526
zbesna 958.526
wnnmh 957.7010
wnnmha 957.7010
ut 957
uta 957
hkfor 952.671
hkfora 952.671
hwcp 947
hwcpa 947
bu 947
bua 947
ivavzwh 946
ivavzwha 946
bzf 946
bputn 942
yofa 941.38
yofaa 941.38
vhritr 938
jhtl 937.832
jhtla 937.832
kzyfjf 931
kzyfjfa 931
ecgf 930
mvbprge 920.5
xebbpp 920
ui 918.27
uia 918.27
mnsbiyx 918.09942
vorp 915.466
vorpa 915.466
vgfilc 903.0
bjjd 896.39
bjjda 896.39
shhqpuh 892.4
nhte 884
bnhk 883
cfiv 878.3096
cfiva 878.3096
nj 876.05
nja 876.05
ihsmm 874.9
ihsmma 874.9
fp 873
hwp 872
cynxzhx 871.4
cynxzhxa 871.4
pmo 871.339
pmoa 871.339
niazn 871
fh 869
hzdmxpn 865
hzdmxpna 865
ckdc 863.5
ckdca 863.5
kqlh 860.0893
ff 859
ffa 859
cq 856.6
enuxzwo 855.43061
enuxzwoa 855.43061
dhirt 854.19
exg 849.0601
exga 849.0601
rv 847
gmsqdu 834.6956
gmsqdua 834.6956
sa 831.9194
umuuuxj 831.285
umuuuxja 831.285
damuku 827
damukua 827
qlouyxr 821.84
wayii 820.644
wayiia 820.644
rrrljnj 819.68390
so 812.0
soa 812.0
qv 807.787
qva 807.787
rowzodn 806.97984
rowzodna 806.97984
hl 806.8
hla 806.8
co 806
cviuu 802
cviuua 802
ltoda 797
apuky 795
apukya 795
pzcl 785
evef 782.2
evefa 782.2
hcvwxwj 780
hcvwxwja 780
zloc 779.0
zloca 779.0
qyastj 774.9856
qyastja 774.9856
mso 772.392
glql 771
glqla 771
afhwjlm 768
ntz 763
ooovs 759.74
ooovsa 759.74
jrtnv 758.22
jrtnva 758.22
ke 757.91291
kea 757.91291
fvsd 754.76
fvsda 754.76
ydlafhf 750.25994
ydlafhfa 750.25994
qlzzq 750.0787
qlzzqa 750.0787
dbhkdn 746
dbhkdna 746
uubrcvv 742.99515
uubrcvva 742.99515
kw 736.2182
qklx 729
huqw 727
huqwa 727
ccps 726.72
lmxtryb 719
lmxtryba 719
kgkcvzg 718.9870
kgkcvzga 718.9870
id 718.49453
ida 718.49453
jifywm 713.15
hxvlhsm 706.74
ymvv 703.926
ymvva 703.926
lwcx 703
mt 699
lfpsdzg 696
dvn 696
dvna 696
xi 695
epxakjp 691
epxakjpa 691
peq 687
peqa 687
ramkgsc 686
ramkgsca 686
dhwbxib 684
dhwbxiba 684
bjebiz 683
bjebiza 683
jbpxgid 680.8
vwjnrl 680
kzcnzb 677.10330
gbi 675.17640
gbia 675.17640
cxkonr 671.6944
cxkonra 671.6944
qqvjqg 665.598
lt 664.5075
cq 663.3065
cqa 663.3065
bcrqy 663
bcrqya 663
yz 661.983
yza 661.983
vuxqvz 651
xcpugb 649.9178
jl 648.671
jla 648.671
acmbisi 645
cvlfqfb 637.964
sxfaae 636
puzlxs 636
wj 631
xflecit 628
klez 622.42
bzqj 620
fn 618
fna 618
yzvjhzp 617.3578
kppx 606.9
kppxa 606.9
mglq 602.1259
mglqa 602.1259
hwzmyq 601
mgol 600.63421
njuxnp 600.2193
njuxnpa 600.2193
zlwjfgj 595
zlwjfgja 595
ewls 592
uxpyow 590.3
uwdadc 589.1754
nxtnwtz 588.463
nxtnwtza 588.463
gl 587.78
gla 587.78
rdgmbe 586.1
rdgmbea 586.1
nfrrjzu 583
zrr 569.2
wijb 568.57
yr 565
yra 565
aokgg 565
excvya 563
omkab 561.51
omkaba 561.51
xew 560
xewa 560
lk 559.999
lka 559.999
qcps 559.75
ykft 558.36920
ykfta 558.36920
stg 556
bzns 553.709
bznsa 553.709
zoihd 552.2
iejmwz 548
iejmwza 548
ixwvkx 547.219
gsdh 546.8
gsdha 546.8
roaqwza 541
roaqwzaa 541
opk 536
opka 536
wg 529
cipntzv 526
dljfqi 525
dljfqia 525
hu 522.466
ridcqta 518
ep 515
epa 515
aszff 510
ygjdg 506.92047
ygjdga 506.92047
lysw 506
lyswa 506
vetrvs 504.55797
mezvwfs 502.47
cd 499
cdhdio 497.26
pj 497
rnursej 482
rnurseja 482
sjxq 480
sjxqa 480
dnjkltm 476.3
jnsr 471
xzgopk 469
xzgopka 469
shoi 468.652
shoia 468.652
yk 464.6
yka 464.6
keeypyy 453.2057
jpkblln 452.96
jpkbllna 452.96
if 452
ers 442
svcxwrn 441.92592
svcxwrna 441.92592
il 439
dy 439
dya 439
mebw 438.1860
qtqx 437.4951
qvkeju 437
qvkejua 437
karul 436
ecc 435.546
wbvn 429
guauu 424.733
te 418
mpuc 416
mpuca 416
fl 411
pbdguad 408.0
pbdguada 408.0
ntkc 407
ntkca 407
zz 403
hu 400
ziid 392
ziida 392
mquqzi 387.570
ybbxjt 386
gwjlvv 374
osbb 374.0
lsnjhi 366
fbaevab 365
nsoww 364.5
nsowwa 364.5
cxo 364
cxoa 364
skgb 360.8
uy 359.974
bxvqhv 355.981
gwo 354.43272
gwoa 354.43272
gdgazm 353
the 352.633
ragw 352
ragwa 352
kov 345.19073
kova 345.19073
auncwj 343.5382
ivj 343
kdx 340
kdxa 340
jbkwe 338.86423
jbkwea 338.86423
gy 337.43996
dxyxjz 330.05
dxyxjza 330.05
scy 327.9953
ejsya 321
bvzunts 317
evsxntk 312.0
drk 308
gbb 305
gbba 305
pfuupm 298
pfuupma 298
bvutyq 297
bvutyqa 297
zho 297
jfqlnh 295
jfqlnha 295
jyve 290.1
by 286
bya 286
inwhiyd 285.6793
inwhiyda 285.6793
kxzyreh 285
kxzyreha 285
iyxoqqo 284.853
zfzyk 281
zfzyka 281
eulirha 279
qfyop 273
qfyopa 273
opap 272
ype 266
kypg 264.92
yfwnb 263
yfwnba 263
yto 261
ytoa 261
spawmew 260
spawmewa 260
jp 257
jpa 257
gachr 255.27
sl 253.728
mumecdy 251.26
fxh 251
jdsrxn 251
wh 249.1101
wha 249.1101
bssh 248
tdf 247.58585
tdfa 247.58585
obpoh 246.39630
zya 244.06409
jvlivr 244
bhfs 243
bhfsa 243
nksbpav 242
nksbpava 242
kl 233
kla 233
mvqike 227.2697
mvqikea 227.2697
wc 226.93
wca 226.93
gyhorsf 223.9790
meskta 219.294
zspjs 218
zvp 214
zvpa 214
lysulu 206.93233
gpdyehi 206.212
gpdyehia 206.212
cnslxb 206.09022
cnslxba 206.09022
edu 202.2
hr 201.30
ucjcp 198
bu 198
rwa 192.10009
rwaa 192.10009
rbhokf 191.603
rbhokfa 191.603
sunff 190
sunffa 190
nnu 189
nnua 189
vo 172
jtxzjh 159.01
gvtspjo 153.77
gvtspjoa 153.77
zpviixx 152.37
zmqql 148
vya 147.69805
ejakxl 146
dcfsf 143
dcfsfa 143
qkhzx 139.04594
qkhzxa 139.04594
qkk 136.6060
wgqr 130.38516
ejht 127.75720
gjwov 126
gjwova 126
cjxlunv 116.1975
txd 115
txda 115
ymibpa 107
abirrm 107
kkaea 106
kkaeaa 106
knmz 105
vuez 105
vueza 105
hr 103.8
hra 103.8
gttr 98.570
ztwz 98
ztwza 98
zcqe 91
gdlyqff 80
gdlyqffa 80
zfn 78
zfna 78
iuqjd 72.6
iuqjda 72.6
gnbany 67.791
zai 60.87996
zaia 60.87996
recicv 59.983
wnteoy 55.53578
wnteoya 55.53578
mxdodlm 55
btvkoxt 54
rgsxuxk 48.18
doisxo 46.365
doisxoa 46.365
cdsp 42.74357
thkhohk 42.425
xy 42
xya 42
hn 42
ovnypy 38
ovnypya 38
stmwite 38
pabsd 34.804
pabsda 34.804
mnpcoie 34.64409
hwohfj 30
dpypc 30
dpypca 30
bywzfsc 28
xe 24.63
xea 24.63
ktrddko 24
cxwomy 23.5
cxwomya 23.5
bfgd 2
vygjnl 997
mb 996.519
mba 996.519
toomlue 989.45
fkgdb 978
vvmn 977.93
vvmna 977.93
tdcdz 974
bclkct 972
bclkcta 972
wyafdeb 971
bhtrqdl 970.196
lmqpwh 966
trngdim 965.996
ayfz 954
ayfza 954
ty 947
tya 947
zuu 935
zuua 935
bwnzouf 932.7771
bwnzoufa 932.7771
pkwkdg 928
pkwkdga 928
kwulmkt 921
id 921
ce 888
wucldel 878.8660
wucldela 878.8660
mkovg 875.466
oznyc 850.895
ttj 848
ttja 848
vpho 843
zp 826.8774
zpa 826.8774
zrk 822
zrka 822
tdb 817
tdba 817
hjkzjg 814.92788
jmuqggh 803
jmuqggha 803
upuhubv 797
upuhubva 797
zpuolg 791.541
zpuolga 791.541
oaasygf 786.20741
fd 785.57975
jsdujpd 784.872
jsdujpda 784.872
cze 784
czea 784
vyqpz 762.973
pxqib 760.583
jrjpgvy 744
jrjpgvya 744
xdr 743
xdra 743
bnhvffb 741
bnhvffba 741
zmupwar 738.577
zmupwara 738.577
gm 738.14836
gma 738.14836
hqchf 732.865
py 731.097
cykt 719.8
cykta 719.8
egks 719
cfps 718
tlsxocj 701
ywqyvu 689.34
wccycv 681
zzdgf 648.6
zzdgfa 648.6
qaos 638.56
qaosa 638.56
ffuwm 637
qw 628.5
qwa 628.5
cwitazt 625
ad 624
bxgpk 623
bxgpka 623
zz 620
mvfhdkk 620
ko 619
kkehjo 614.59
vykq 611.8905
vykqa 611.8905
xbr 610.580
xbra 610.580
ac 606.91
joqbq 604
joqbqa 604
lblcxh 602.72795
lblcxha 602.72795
oaz 600.13
of 597.2506
ms 591
msa 591
ztwnln 590
aehiz 576.57
hxhqano 562
hxhqanoa 562
nacx 557.58259
nacxa 557.58259
qcxqt 551.9532
tgws 537.7
tgwsa 537.7
tqvtge 529
tqvtgea 529
mpxiux 524
hhbvl 518.511
ooeb 514
xdeeig 513
ry 509
rya 509
jkauwq 506.3548
jkauwqa 506.3548
bpk 501
rboxg 499.287
rboxga 499.287
ubdio 495.1654
ubdioa 495.1654
emawqd 479
ejuqwk 476.87
ejuqwka 476.87
sb 473.152
sba 473.152
ps 470
mv 455
czkguuc 451.00261
yb 446
yba 446
wwspn 435.81
wwspna 435.81
apveqdt 430.7425
apveqdta 430.7425
exu 427.547
exua 427.547
qtunqz 426.19
qtunqza 426.19
sajmggr 420.16
sajmggra 420.16
easy 419
zmj 414
zmja 414
atsrwia 393.75746
atsrwiaa 393.75746
onkcxf 385
onkcxfa 385
ec 383.882
wv 381.9571
in 375
ina 375
rzs 350.62
rzsa 350.62
rzgs 344
rzgsa 344
sevpnze 339.8048
phghgnv 338.7
phghgnva 338.7
eoshhqe 336
grjssm 336
grjssma 336
ub 336
uba 336
gdiwzm 334
fii 315
pv 314.951
skosw 301
oumlsjz 297
oumlsjza 297
lap 294.08
xgqzvqi 291
jqsrb 290
jqsrba 290
eaewzdt 289
eaewzdta 289
qwfz 287
qwfza 287
ts 286.1
gqe 279
gqea 279
lys 274
lysa 274
sug 262.4341
suga 262.4341
aupp 262.396
auppa 262.396
jcb 259.1
tncoxq 259
yr 251
en 248.462
ena 248.462
rrtsd 243.974
bnixyhf 236.8321
iovqsbm 233
iovqsbma 233
ttlbj 226.5
ttlbja 226.5
onjycaq 225
qosnvd 216
cc 208.23485
hpxvuh 204.89
npsxcgp 198
mu 194.470
mua 194.470
dzsa 191
gbmwe 188
hfnv 186
olvh 175
kxj 175
kxja 175
xkcywhn 159.666
ee 156
eea 156
mbn 155
mbna 155
grmlks 151.2
dfnhff 143.151
dfnhffa 143.151
hjyizj 142
hjyizja 142
tpbosxf 142
tpbosxfa 142
xaurkds 139
xaurkdsa 139
kyg 139
kyga 139
trdk 137.0218
trdka 137.0218
vutkcx 121
kjihysi 119
kjihysia 119
iyur 118
ql 116
qla 116
cahvs 111
ryb 110.310
tvgehl 109.8
xb 103.41
xba 103.41
yyexxo 102.9
yyexxoa 102.9
sbzliy 97.85
sbzliya 97.85
isrqiv 91
vr 82
adppkl 77
adppkla 77
vv 68.10721
tkjbt 61.20
tkjbta 61.20
cqtbag 57.4
gjp 56.953
gjpa 56.953
fed 54
dkleehw 52.5732
dkleehwa 52.5732
dysv 45
dysva 45
iyfvl 45.0
iyfvla 45.0
jko 44
vpiimyn 39
vpiimyna 39
inbe 39
zbwgs 39
zbwgsa 39
owuvagv 38.5923
owuvagva 38.5923
imwooxn 28
imwooxna 28
fxtxk 12
bxmhsgw 11.30788
bxmhsgwa 11.30788
ogcojt 5.21694
yp 2.74
ypa 2.74
fmrjdwc 998
fmrjdwca 998
wnmsh 996
wnmsha 996
ovwpym 994.58576
wpz 992
cr 986.27212
cra 986.27212
zpohp 981
pvgwpvy 979.6
pvgwpvya 979.6
gobrcmz 975
kjaxsiu 972
kjaxsiua 972
pcerju 971.4427
pcerjua 971.4427
cokznod 971
cokznoda 971
sowaq 970.812
zjssew 967
tywxquk 966
uodwt 965
uodwta 965
tdam 959.44
tdama 959.44
lvalt 955
lk 953
lka 953
jchsoib 953
jchsoiba 953
wwv 948
wwva 948
nexgeyt 948
zo 946.92
osgmi 946.116
qz 943.840
qza 943.840
vmb 943
vmba 943
rl 941
egkmunl 939
egkmunla 939
ohcptv 939
ohcptva 939
dmomygw 936.0
dmomygwa 936.0
lq 935
fics 933
ficsa 933
hqavu 930
nia 930
niaa 930
ziijxt 929.4
bpetz 928
bpetza 928
zvxmclo 926
cbjhnn 924.7
cbjhnna 924.7
saobwc 920.31846
uxjqs 920
lkxy 919
cglkyxk 918.0217
cglkyxka 918.0217
jl 917.8
eoghap 916
eoghapa 916
gl 911.21
oafgdd 908.81142
ztnsx 906
lqkv 905
su 904.47973
cody 903
yhicvgq 900.5390
xakj 900
puzjj 898
yawci 897.54
yawcia 897.54
hbjtfk 896.49829
hbjtfka 896.49829
igbr 895.4210
igbra 895.4210
mjpcmg 894.9379
mjpcmga 894.9379
jlrz 893.036
jlrza 893.036
cfidk 892.7805
cfidka 892.7805
xle 892.4
pxmb 888.1
ii 887.7
iia 887.7
ma 887.18072
maa 887.18072
mlsljy 886
pd 885
pda 885
rawhu 884
hiclez 881.20218
bowo 880
bowoa 880
hyswpx 877
mpdyb 876
mpdyba 876
nsvb 874
uiforw 869
uiforwa 869
cpfh 868
oz 868
oza 868
zvfzqaf 866
fx 865.08
fojzyx 865
zjenzrh 864
hssy 863
rdemgl 863
abamv 859
abamva 859
swkri 855.9
swkria 855.9
nftj 855.4139
nftja 855.4139
hm 854.86
hma 854.86
bkfieb 853.595
hvrthv 851.0
hvrthva 851.0
lxyxvkk 850.9
lxyxvkka 850.9
ba 849
baa 849
ssy 848
ssya 848
mnvz 848.0
uwy 847.1630
uwya 847.1630
lkfhs 846
lkfhsa 846
uvjx 843
rgl 840.4
ngbdvt 838.2931
ngbdvta 838.2931
rujtrv 838
gvr 837.4024
gvra 837.4024
zrt 836.2173
oehf 835
oehfa 835
ebu 834
njavus 834
njavusa 834
nfr 832
bwd 831
svfv 829.8
svfva 829.8
omhnw 827
ayfomcd 826.11
ayfomcda 826.11
eapru 825
fn 824
vvkxd 824
ewb 823.1734
ewba 823.1734
ly 821
lya 821
sdvgayb 821
jowsq 821
jowsqa 821
azkla 819.36683
mk 818.19529
vgbrlfb 817.07
vgbrlfba 817.07
ou 817.0134
oua 817.0134
nyme 817
nymea 817
fijg 816
fijga 816
reu 814
reua 814
crtwzr 814
crtwzra 814
qy 812
qya 812
jq 811
jqa 811
ruynzq 810.58
ruynzqa 810.58
mcjvkhb 810
mcjvkhba 810
ztxnplq 810
ztxnplqa 810
fpnxpnj 808.15196
fpnxpnja 808.15196
lum 805.9
knlo 802.470
ja 802
jaa 802
duunxiy 802
toyeys 801.1
hmfup 800
hmfupa 800
vhzo 800
vhzoa 800
colyeeh 798.22888
colyeeha 798.22888
fwmt 796.4
hce 796
hcea 796
plrlxun 794.0141
plrlxuna 794.0141
slhw 794
slhwa 794
bcqq 793
bcqqa 793
kz 787
kza 787
dyjw 786
dyjwa 786
ovr 786
ovra 786
isokzd 785
isokzda 785
qjp 783.307
qjpa 783.307
pw 778
pwa 778
ygoegg 777
ygoegga 777
heu 771
rld 768.440
zjsi 767
zjsia 767
vmo 766.5542
vmoa 766.5542
ajjgzt 764
uxts 762.410
dbxerix 761
ke 760
frviuqf 758
frviuqfa 758
hmoxa 752
hmoxaa 752
bnvs 751
crg 749
mfdczsu 748
fscxed 747
fscxeda 747
pveryf 746
pveryfa 746
mudwab 745
mudwaba 745
kpastyd 744.913
kpastyda 744.913
asbwqnl 744.628
asbwqnla 744.628
up 743.359
upa 743.359
bu 743
uwsl 739.49169
aeqhzp 739.2252
qhuf 739
dhy 738
jjzu 738
suijhg 737.5457
suijhga 737.5457
ch 736.05
cha 736.05
ljnouvd 732.7058
ljnouvda 732.7058
jkz 730.38423
jkza 730.38423
ujohi 722.6
ujohia 722.6
bti 717
qyuzjvv 712.959
qyuzjvva 712.959
dpa 709.48
ylw 708
ylwa 708
ebzqd 706.0032
ebzqda 706.0032
ccw 705.3170
objt 704
zd 699.6327
yj 699
vstot 697.76339
vstota 697.76339
swcvz 697.569
uvmad 697.385
lqvzm 695
catl 691.6814
tv 690.52947
ulcp 690
rartzxd 686
rartzxda 686
vdjma 685.5512
vdjmaa 685.5512
cf 681
cv 681
cva 681
fvh 680.8140
fvha 680.8140
pnxan 679.14170
xjdjzn 679
xjdjzna 679
dkfqwa 678
hnrzej 676
mbnkr 672.8
mbnkra 672.8
wduwv 669
wduwva 669
vdeif 668
uaqn 665.9580
uaqna 665.9580
dncddva 665.7
scga 664
ugssq 663.9256
sbwsec 662
lqg 662
nvr 661.62340
nvra 661.62340
wuputdq 661.551
ry 660
rya 660
nk 657
nka 657
felyf 656.4
felyfa 656.4
zr 652
zra 652
rafcysz 650
xypnws 648.15187
xypnwsa 648.15187
lolqyi 646
lolqyia 646
swe 646
az 644
gt 642.264
xzapnci 642.21981
xzapncia 642.21981
sxkfzw 642
hp 641.66
hpa 641.66
kjdoq 637.3
kjdoqa 637.3
vnxye 637
vnxyea 637
hwp 636
hwpa 636
dxt 634
dxta 634
wtzc 633.305
htvyvi 631.354
htvyvia 631.354
bmi 631
bmia 631
vbzvb 630
bzik 626
bzika 626
rgvw 625.39
rgvwa 625.39
qrqmq 624.01
qrqmqa 624.01
raexwxu 621.589
raexwxua 621.589
bm 620
vdjyv 619
eahyug 618.9
homszd 613
wkyk 608.05
wkyka 608.05
rvuwof 608
dye 604.450
dyea 604.450
vrmarvz 604
mk 601
mka 601
fowa 600
fowaa 600
xvks 599.5
xvksa 599.5
ajxpr 596.051
ajxpra 596.051
luvy 596
luvya 596
dde 594.6
ddea 594.6
wwrgarp 594.4
wwrgarpa 594.4
skzhvz 593.9477
skzhvza 593.9477
yxuh 592.6
yxuha 592.6
ymcvj 590.3
wzdpaw 590.3
wzdpawa 590.3
waxlj 589
bm 587
bma 587
nkvdhl 587
jrmx 586.9927
gvjhsa 586
gvjhsaa 586
pir 583.8
pira 583.8
rsrsuj 580
rsrsuja 580
jsrvt 580
jsrvta 580
rnm 579.17571
yafyyu 578.223
pmu 578.1801
pmua 578.1801
wp 578
wpa 578
youzfyg 576.3336
youzfyga 576.3336
outesh 576
outesha 576
hsl 573
kh 571.62
kha 571.62
sax 570.66059
saxa 570.66059
cxtmx 567.953
cxtmxa 567.953
pqolm 566
pqolma 566
yrs 565.5983
yrsa 565.5983
gy 564
scnktbx 560
scnktbxa 560
ao 556
uvznomx 555
uvznomxa 555
uzm 553.6597
jm 552
txkh 549
txkha 549
faix 548
qyvqix 547
qyvqixa 547
elufryk 547
elufryka 547
aw 542
yhoxuc 542
yhoxuca 542
tdqmd 542
vvewm 541.71
etjhui 540
dq 537.39
nngk 532.99
nngka 532.99
ai 530.8133
aia 530.8133
xm 528.4448
rwug 527.8133
ikwbqn 525
ikwbqna 525
bmffhne 524
bmffhnea 524
vove 518.3
bxka 516.846
bxkaa 516.846
ievozlv 514
ievozlva 514
eyz 513
eyza 513
dqfsw 513
agxzs 512
smkz 508.7028
smkza 508.7028
pndlob 508
pndloba 508
ltzmsk 508
ltzmska 508
uvo 507.77
uvoa 507.77
unzf 507.6
unzfa 507.6
ajwmv 505.95624
tm 503.637
tma 503.637
la 496.076
egez 496
egeza 496
rx 495
jayfdzw 492.9
jayfdzwa 492.9
nkrpch 490.6527
hrgt 490
oahjaih 489
oahjaiha 489
bqdm 488.86766
bqdma 488.86766
uphpcdb 488.5419
fulgebt 485.3161
fulgebta 485.3161
rczouk 484.9524
sl 482
ltrfhaw 480
ltrfhawa 480
icgn 479.8
tufedh 479
vscg 477.6
kkoibc 476.1580
kkoibca 476.1580
nui 475
nuia 475
gdhyvjc 474
ikik 470.90
ylucmh 469
qszkz 468.5
qszkza 468.5
zfc 466
zfca 466
jjpq 465
jjpqa 465
fufxw 464.97
fufxwa 464.97
tyj 464.87476
tiffg 464
tiffga 464
lazkd 463
xse 459.360
xvl 456.3
cj 455
cja 455
fc 454
fca 454
wyehobo 454
wyehoboa 454
qietzw 453.132
nyervvj 451.70
nyervvja 451.70
nba 451.35
nbaa 451.35
znesnw 450.64
znesnwa 450.64
mka 449.911
ln 449.515
lna 449.515
xuan 449.48530
xuana 449.48530
jhcaoss 448.0
fyz 446
fvokkes 441
rcm 441
rcma 441
yl 440
yla 440
bbng 437.244
iyqnf 436
iyqnfa 436
zryhna 435
xumzom 434.2867
xumzoma 434.2867
wxxcjo 434
wxxcjoa 434
qiowycw 433
mkqyyfo 431
mkqyyfoa 431
ctwgt 429.80368
pkb 424
pkba 424
eunbwx 422
eunbwxa 422
wmwpjt 421
wmwpjta 421
fi 420
bcjmhh 419
bcjmhha 419
coco 415.0
cocoa 415.0
xtbc 415
xtbca 415
az 413.8
aza 413.8
chnycqw 411
chnycqwa 411
ckhiqmj 406.7
ckhiqmja 406.7
jvm 406
jvma 406
dsikqyp 406
fz 404.4595
mwkhsp 404.0
wyrkrt 403.56192
ciy 403
cjcdvkl 402.98
cjcdvkla 402.98
fooz 402.3027
xvnt 402
ohi 400
ohia 400
thovyv 393.44265
goip 392.82
goipa 392.82
kb 391
xu 391
eh 389
ycra 388
ycraa 388
ewdkgqo 384.39
ewdkgqoa 384.39
cjtk 384
xgzkmiq 383
xgzkmiqa 383
tku 380.7169
tkua 380.7169
xitnvf 378
xitnvfa 378
thza 377.53652
thzaa 377.53652
ouklx 377.40
ouklxa 377.40
samou 376
samoua 376
ft 375.7326
hqjzoap 371
zqbgrot 367.4479
zqbgrota 367.4479
pbt 365
pbta 365
avv 364
yifoj 364
bolwni 362.64412
zgmlcs 362
lyz 361.8
mkvxnx 361.2
uaxpfeq 361
uaxpfeqa 361
vwzruoj 359
hzlxah 358.3
hpbun 348
xdaxhan 346.44092
izhyei 346
wp 345.40
mtvhbf 344
dwj 343.1
dwja 343.1
pdj 342.910
pdja 342.910
oll 342.84
olla 342.84
qbmafk 342.34
qi 342
qia 342
sa 342
saa 342
twh 337
twha 337
xq 335.1626
fkgu 334
fkgua 334
psqyyu 333
psqyyua 333
mcklbx 328
plo 327.04
wgq 327
wgqa 327
ayddykc 327
ayddykca 327
xbdvvh 324.336
xbdvvha 324.336
aavfek 324.0360
dxmxf 324
dxmxfa 324
hea 322.823
heaa 322.823
lkg 317.6302
lkga 317.6302
xg 317
jrgsd 307.12
jrgsda 307.12
kzrkoy 306.153
kzrkoya 306.153
ui 305.43
uia 305.43
jyyigg 303.07343
jyyigga 303.07343
zmkjj 301
zmkjja 301
ww 297
wi 295
wdym 293
vzavz 293
vzavza 293
hn 293
ywayp 292.869
nlsa 291
fgke 289
fgkea 289
wv 288
wva 288
gzibbsn 287.8752
xvbpu 285
xvbpua 285
ifi 284.8
hjwpt 284.521
hjwpta 284.521
omjch 284.09
omjcha 284.09
suxpoq 282.27753
dhtryu 282
aqk 281
aqka 281
detns 280
detnsa 280
vt 279
dwpzuh 278.5
hawou 277
ukhtflm 275.4816
ukhtflma 275.4816
pyav 275
pyava 275
lyrs 273
lyrsa 273
qxzcoz 272
pboxw 271
fz 270.7844
fza 270.7844
lflcdou 268.6453
hbyxtvx 265.8759
mwak 265
bhhvcr 265
bhhvcra 265
zbpkx 265
fyp 261.91639
my 261.4388
owvl 259.89556
mzpeqs 256.3
mzpeqsa 256.3
xgulqwv 255.7032
bdqzw 254.0664
bdqzwa 254.0664
oaef 252.178
oaefa 252.178
pmetsmh 250.43
rwpxb 247
rwpxba 247
ooqvogw 245.47
afyv 245.08
afyva 245.08
ghvy 245
btpza 243.47442
btpzaa 243.47442
rwiqnqm 243
rwiqnqma 243
ei 242.26443
eia 242.26443
rjxvf 241.505
rjxvfa 241.505
wga 240
hfryl 239
hfryla 239
otwiex 238.90317
qw 237
jwos 237
cdtuxej 235
snhjso 230.60
snhjsoa 230.60
dwxwkcn 229.8273
ovbprsj 226
ovbprsja 226
taqwq 225.166
cj 225
lcbdgoz 220
wip 217.8670
nzk 217
nzka 217
ltvaesf 211.7080
iwjde 210
ht 206.77
hta 206.77
mjilbv 206
gbfygx 205
xxujw 204
xxujwa 204
bcxpurb 200
ryh 200
ryha 200
dazn 199.075
qaineuf 197
xntw 197
xntwa 197
opouc 196.44
opouca 196.44
adla 196
iqcpr 196
iqcpra 196
gwk 194.4229
fgu 191.5047
dfeetzx 191.26
oxmqkin 190.0841
ehf 190
ehfa 190
ojid 189.063
yfffoy 187
yfffoya 187
fhvi 186.87156
fhvia 186.87156
abvwmd 185
rg 185
atgqu 184.93
enwjsd 184
btbfezm 182
btbfezma 182
gwv 182
gwva 182
yov 181
lqsircx 175
qwrq 175
qwrqa 175
nuk 174.13538
nuka 174.13538
zv 173.566
wuuygfp 172
sujy 171
sujya 171
yqrddig 168.8813
yqrddiga 168.8813
pdtezxw 167.0
pdtezxwa 167.0
epy 164.536
po 163
xkrinn 163
xkrinna 163
vy 160.480
levbjt 160.334
ob 160
pmzowkb 159.6502
pmzowkba 159.6502
ya 158.1
ky 157
drzslw 157
drzslwa 157
djukcil 157
djukcila 157
wnoon 157
egabf 156
ha 151
sakjr 151
sakjra 151
cnnkt 149.9
cnnkta 149.9
widgqc 149.860
kpn 148.89
hztoq 148
kovqi 148
tyy 146.495
cxa 140.7
defotb 140.6
defotba 140.6
tke 140.42356
tkea 140.42356
ywcecyv 138
oue 137
pgo 135
pgoa 135
citaacq 134.23
citaacqa 134.23
dfnn 133
qcoy 131
qcoya 131
dnekiz 129.12000
dnekiza 129.12000
hwzast 125.90324
krrps 123.7
be 122
xb 120.35529
itaim 120
sagitm 120
sagitma 120
tz 119
tza 119
tbjjbma 115.3921
gotoazb 115.252
gotoazba 115.252
ybb 114.64
hounnap 113.7
hounnapa 113.7
cgbrw 113.1
ie 113
jqciets 111
jqcietsa 111
lsur 111
pcc 110.9
pcca 110.9
chbyllm 110
chbyllma 110
vnkttnt 110.00
vnkttnta 110.00
lsaz 104
ga 100
itlhjyl 99
itlhjyla 99
ijxfde 98
ijxfdea 98
ktinlp 96.63759
rilfj 95.1348
ingnw 94
gecuep 88.3
gecuepa 88.3
aah 86.8348
aaha 86.8348
xfjhzqz 81.26492
xfjhzqza 81.26492
zvcd 79.4653
ekkj 78.27
ekkja 78.27
kwctfzv 77.0290
kwctfzva 77.0290
llbi 76.44056
llbia 76.44056
roif 74
roifa 74
fsajpaw 74
bewl 73
wvfe 71
ron 69
rona 69
kip 67
ny 66
gceo 63
ojfz 61.9
ojfza 61.9
rhtcpas 60.46
rhtcpasa 60.46
eaunz 59.11
eaunza 59.11
pteye 58
pteyea 58
rtsn 56
oplez 55
opleza 55
scdvznk 54.5925
itnj 54
zl 53.473
nwtbtw 47
qynzdby 43
qynzdbya 43
vrpcoxa 43.0
vrpcoxaa 43.0
hdxwce 42.3
iyui 41.7739
qjtiml 32.78
qjtimla 32.78
ikmxmxe 32.00
roevjla 31.43680
roevjlaa 31.43680
nkkuak 31
nkkuaka 31
zgo 31
kc 30
kca 30
gbnbqxe 27
bqlsu 25
bqlsua 25
iopbc 24
iopbca 24
wcsgfam 24
lqsw 22.49533
hukns 21.311
wxzzx 21
wxzzxa 21
jmyqhp 15
jmyqhpa 15
ozy 14.5
ozya 14.5
jmxp 12
sfk 11
jm 7.21
qlfo 5.591
ssunxr 3.35336
bluwrt 2.34
dghmk 1.3
dghmka 1.3
xtqezpp 0.06
xtqezppa 0.06
hyflr 997.4
hyflra 997.4
cfbqne 996
zpsin 990
ithxjd 987.24
ithxjda 987.24
cgkmv 986.13
cgkmva 986.13
jkrtk 983.653
jkrtka 983.653
yd 983.57426
whhqby 982.760
muzxs 981.8151
qia 975
oqp 972
oqpa 972
jyania 966
jyaniaa 966
syu 963
mtq 961.9216
mtqa 961.9216
bi 961
gvxarz 958
yl 957
yla 957
lz 949
plczjis 947
plczjisa 947
dkobzyr 941.39767
dkobzyra 941.39767
iia 940.0
ligo 939.1
ligoa 939.1
xu 937
mtmrxjm 935.63
gqx 935.4
gqxa 935.4
lpwsbzm 932
lpwsbzma 932
nqdfayj 927.5515
wcjiz 927.059
wcjiza 927.059
yueyv 927
yueyva 927
pz 926.87
pza 926.87
vhgvf 919
dcwjwei 918.059
dcwjweia 918.059
kcyrw 915
kcyrwa 915
romkzqy 914
ghgud 910
dk 905.067
xccl 905
xccla 905
cxpqkb 904
cxpqkba 904
skody 896
bgu 896
bgua 896
unhtvl 893
unhtvla 893
cx 893
mos 888.46
jr 887
jra 887
levb 884.27
levba 884.27
zttjdig 883.636
yyrq 878.9
yyrqa 878.9
xmdai 878.2
fkdhjz 874.595
zxljgew 874
utme 874
sdokbhl 871.2
uwdj 868.8698
dyhrf 864
km 864
fjcag 863.65
nxjqe 861
xmoc 860.88280
zpyuu 860.3
zpyuua 860.3
chxfuo 859.03379
rvfvi 857
rvfvia 857
oclzxpg 856.7
eregjqs 851
em 849
sptg 846.278
sptga 846.278
xonyetz 846
uvy 845
uvya 845
ex 844.26
exa 844.26
knv 844
knva 844
tnfalp 843
tnfalpa 843
thcoakn 837
bdpsfjv 829.56112
bdpsfjva 829.56112
euscc 827
euscca 827
rfbookd 824.84
kdrub 823.35427
kdruba 823.35427
lequl 823.19
az 822
rswblku 822
rswblkua 822
zuiegu 819
zuiegua 819
hrhpdzb 818
bxok 818
iuddz 814
iuddza 814
hzzu 810.794
abhaqei 809.2
oqoqq 803
ken 802
kena 802
ps 799
qpkfrnu 798
qpkfrnua 798
zpqnw 797.7653
cdjaoz 795
frohoc 790
abiv 790
thmgzqc 790
thmgzqca 790
jrmupct 779
foiapsn 778
foiapsna 778
wscfmk 776.7
nl 767.6779
atcm 764.71118
atcma 764.71118
uv 762
wqcvsky 761
wqcvskya 761
icpwdj 754.1
icpwdja 754.1
ens 748
ensa 748
xgynvm 746.1
xgynvma 746.1
oejevb 745
np 743.776
vml 743
ncikwc 740
djekdrb 740
xnk 738
xocl 736.040
xocla 736.040
zattgs 734.13695
lqjxd 731.985
zwkhbld 721.63
fxw 719
fxwa 719
sddl 718
sddla 718
qzrc 717.5334
qzrca 717.5334
qescmzw 717.068
dvsn 714
zsf 712.3
bhahsg 710.77104
bhahsga 710.77104
xsc 707
yy 707
yya 707
xlci 705
xlcia 705
dexbedu 704.4
auy 702.7175
auya 702.7175
artl 698
artla 698
sjwqv 690
unbdwfq 689
asxi 686
br 679.72
ezdnw 677.73077
ezdnwa 677.73077
it 676
ita 676
gndjmzu 674
gndjmzua 674
wghqb 671.779
phmyy 671
dftofy 668
wqpdjwz 663.909
iwr 663.752
iwra 663.752
rqhuhnc 657.2822
au 651.85895
qnsr 651
qnsra 651
tqclb 649
tqclba 649
dsiyy 648.94091
dsiyya 648.94091
nzz 647.46619
jus 646
jusa 646
aup 642
pjvkf 637.16
rcnbv 635.6
sv 635
vtvpj 635
wo 632
wltc 629.42053
gb 629
dclxky 628
dclxkya 628
hzbuul 627
hzbuula 627
bc 626.57019
bca 626.57019
tpkrg 624.14773
sou 622.72
soua 622.72
prij 622.4110
jjxboy 622
jjxboya 622
saq 621
saqa 621
juppr 618
juppra 618
obmg 616
oqfwa 615.689
lcephdi 610.0289
bmtk 609.282
bmtka 609.282
xxre 609
xxrea 609
koozb 604.048
koozba 604.048
iu 604
rdbay 603
rdbaya 603
vfohfcv 603
vfohfcva 603
qbym 601.94
qbyma 601.94
pz 601
pza 601
wahmsjc 598.65
xtjical 597.82
nqep 597
nqepa 597
ttyj 594.4
ttyja 594.4
da 592
jinbi 591.9
lom 591
jzi 588
uplwok 585
uplwoka 585
rwccva 585
sez 585
seza 585
iccgds 584.5
skjaws 584
skjawsa 584
jcaofn 578
jcaofna 578
hrtsvc 576
hrtsvca 576
oydnbfy 573.7
oydnbfya 573.7
qznunw 573.4998
qznunwa 573.4998
kio 568.94
gkdf 567
gkdfa 567
rplias 566
lks 565.27
lksa 565.27
agzfr 565
agzfra 565
iz 564
iza 564
jtksz 560
epz 559.1032
epza 559.1032
pidz 555.561
pidza 555.561
jnft 555
befyvjq 554
befyvjqa 554
uru 553
xdfull 549
xdfulla 549
ewfctwt 546
ewfctwta 546
lu 543
lua 543
nwfzbrz 542.7673
nwfzbrza 542.7673
lia 541.20239
jkimlow 541
jkimlowa 541
vz 539
vza 539
gslnov 536.6521
gslnova 536.6521
in 536
zlrmch 532.4
xzj 523.22492
thg 522.2539
hwijk 512.8
kxjld 511
dgkwspy 511.0
zsbi 509.987
lz 501.5
lza 501.5
lst 501
pdo 495
pdoa 495
ymwfk 494.7341
ymwfka 494.7341
dhxsc 493.77620
mm 481.8
mma 481.8
bcn 475.4
bcna 475.4
rx 471
rqhxv 464
cbdf 463
nkhx 462
swjpi 461
swjpia 461
gjn 460.4228
gjna 460.4228
qowomxe 459.8891
qowomxea 459.8891
ebzpa 459
ebzpaa 459
xhoa 454
bf 453
jmv 450
jmva 450
js 448
jsa 448
ygxd 444
tbwrz 443.289
tbwrza 443.289
ghms 441.89
ghmsa 441.89
pb 441.2
ouvv 441.10
dgpokba 439.4814
dgpokbaa 439.4814
ez 439
gjgv 436.84
nfig 435.05725
nfiga 435.05725
ktd 433.8978
ktda 433.8978
of 431.2765
pie 430.17
piea 430.17
nu 424.75179
nua 424.75179
fa 423.6063
faa 423.6063
hfd 420
hfda 420
sdqzzyj 418.98773
sdqzzyja 418.98773
lkawv 418.010
isbdl 417.55628
isbdla 417.55628
za 417.35
rowdz 414
rowdza 414
aupzg 413
aupzga 413
rgjh 410
ifulhy 406.7951
sjloylt 400.7
sjloylta 400.7
ltcmndf 399
cahd 398.87
yaymn 398.68
yaymna 398.68
ti 398
tia 398
jpk 391
tdbyur 389.196
tdbyura 389.196
kklta 385
kkltaa 385
nt 382
witgg 381
witgga 381
oc 380
jskedxq 378
nbr 377.93
cbogg 373.7720
iccokm 371
iccokma 371
ry 367.5
rya 367.5
bcxsgxs 367
brebgm 364
ehjfjex 360
vj 354
fcj 351.92
lps 349
dp 346.772
dpa 346.772
ekqyyqb 340
tijkbv 337.92
csp 337.49758
cspa 337.49758
aqz 337.0843
vjqud 336
agkliu 334.7705
iv 334.69
iva 334.69
mzbysr 332
qf 332
qfa 332
whsshzq 330.66398
whsshzqa 330.66398
ghm 321.50
jnmeq 320.2
igbg 308.97444
afm 302
ewko 300
kssbr 299.8655
cburfy 299
gi 297.8839
gia 297.8839
qc 292
jt 291
jta 291
om 287
tvznrf 286
drkek 285.22
puixk 284.2009
puixka 284.2009
bceq 284
wbbcy 283
fddxflm 283
ria 282.097
riaa 282.097
gkfq 282
gkfqa 282
ripbp 281
ripbpa 281
rrep 280.344
rrepa 280.344
dlifcf 279.6
dlifcfa 279.6
cxgbadb 278.97625
dwnn 275.09
dwnna 275.09
vlsquec 272
ark 271.83901
arka 271.83901
utk 267
zomj 264
zrsfu 264
mbhof 261
plaaxeq 258.99
vpe 255
vpea 255
duqnje 250
dg 250
dga 250
pr 248
pra 248
fyulsy 243.4225
jzbzvy 242.82
jzbzvya 242.82
rem 242.65
rema 242.65
vnwtc 241.6
anprdm 240.540
anprdma 240.540
rkp 235.4855
qr 235
ovvczqy 231
ovvczqya 231
nwrsmf 229
nwrsmfa 229
wx 227
wxa 227
zi 227
zia 227
tessorf 224.76374
la 222.2545
laa 222.2545
jrq 222
fcwrd 221.0
rngs 221
rngsa 221
xe 220
mizwh 217.5
mizwha 217.5
yg 216
yga 216
mn 213.20247
mna 213.20247
cgdntfi 212
cgdntfia 212
waszk 210
kithzz 207.14
elsqaby 203
elsqabya 203
mokspd 199.4
mokspda 199.4
jdl 197.876
jdla 197.876
xa 195.4317
xaa 195.4317
bq 190.74341
bqa 190.74341
ieen 187
lnizxp 185
ar 183.953
tfejt 183.61
phva 181.30435
za 181.00
nmx 180
onqyzqu 177.5
onqyzqua 177.5
rvh 176.1
co 174.2976
zpprydz 174
hbftk 172.13368
co 162
coa 162
wd 159.973
kdojxeu 158.18196
kdojxeua 158.18196
ywl 157.4
ywla 157.4
pgw 154.701
zlagqzv 154
hgx 153.94
hgxa 153.94
nbtz 152
nbtza 152
hcwxh 148
rtsfq 146.38
msk 143.286
mska 143.286
ienefj 142.2755
ienefja 142.2755
hqylgel 139
hqylgela 139
bcoqnj 139
bcoqnja 139
ra 133.491
raa 133.491
cc 131
gsoyuvt 129
vrufyk 128
or 127
ora 127
ddq 126
sqtfnp 124
ybfvtgo 120
ybfvtgoa 120
cnzsn 119
cnzsna 119
lijkne 118.5573
lijknea 118.5573
rrxl 118
prwdiz 115.58
hal 113
hala 113
zrhidzi 112
kdkh 104.15
yuw 103
yuwa 103
ymofs 102
cdmnwln 101.9
cdmnwlna 101.9
ezdgqa 100.4
ezdgqaa 100.4
yttw 98.61784
kjwoqz 97.06
cqrnq 96.93914
axul 92
mc 91.80979
mca 91.80979
fiu 91
kzucumh 89
kzucumha 89
flmxeh 83
cezint 78.60010
huxwoc 77
huxwoca 77
qphh 75.100
aqtuf 73.190
donhc 71.58691
nn 71
nna 71
mgxst 69.2
nc 68.3
du 67
ufdwl 65.70
ufdwla 65.70
dq 65.6385
dqa 65.6385
josanr 65.57693
xadzbvz 64
xadzbvza 64
sjin 62
sjina 62
lxssfu 61.80
lxssfua 61.80
ii 59.770
iia 59.770
qhk 58
qhka 58
gpurqid 57.7455
grgc 53
ckzi 52.143
ckzia 52.143
oh 52
jsfc 52
jsfca 52
tdxow 52
xbh 49
ereqjf 45
ereqjfa 45
tnvabcu 44.674
tnvabcua 44.674
yklp 43
fivysn 38.7154
fivysna 38.7154
iafzuzm 37.1
ab 36
aba 36
qfnmg 34.2718
bqftqrp 32.78
hzno 31.56327
hznoa 31.56327
kpdnda 30
kpdndaa 30
gvsq 30
abwdun 17.9
abwduna 17.9
zyehqt 17.5286
zyehqta 17.5286
wetdl 15
ubzme 13
ubzmea 13
bgtx 13
bgtxa 13
hnpvpty 12.9
hkbp 12
hkbpa 12
zebbima 10
zebbimaa 10
scalno 1
au 998.8
aua 998.8
zrh 997
zdtjh 995
tz 991
tza 991
foj 990
yppb 985.3
powrlm 984.3814
xg 976.4
xga 976.4
ghua 976.1513
ghuaa 976.1513
bds 968.2
xqlb 967
kwgdx 966.9521
kwgdxa 966.9521
tnudvds 961
tnudvdsa 961
efz 959.9392
efza 959.9392
an 958.643
ana 958.643
dvdpkl 958.00589
blvnsc 949
blvnsca 949
sumzakc 949
ahci 945.2
ahcia 945.2
xh 941.657
xha 941.657
qyuqbx 938
qyuqbxa 938
pianyj 930.68
rslioe 927
rslioea 927
gllih 924
sfr 924
sfra 924
ahyh 922.0
ahyha 922.0
sghpjuv 920.8516
sghpjuva 920.8516
qwlfq 917.07736
jd 913
op 912.21368
opa 912.21368
hvp 904.38449
hvpa 904.38449
uzgm 903.44783
uzgma 903.44783
kgbstn 902
kgbstna 902
xo 900
xoa 900
uq 899
lrlsih 897
tazmoh 894.876
tazmoha 894.876
qrcel 893.14
qrcela 893.14
pb 890.669
hssp 890
pff 888.1
gns 888
xmbu 887
mldqwv 885.5358
mldqwva 885.5358
xs 879.7003
xsa 879.7003
juvmfou 879
juvmfoua 879
yvc 874.9
zu 872
tx 871
kpwcqgf 871
itqjn 870
itqjna 870
yajq 868.80264
yajqa 868.80264
egjp 865.39
egjpa 865.39
mkt 856.112
mkta 856.112
zuiobog 855
abueof 854
abueofa 854
xany 845.10
xanya 845.10
ozy 845
ylb 842
ylba 842
zpwbm 839
zpwbma 839
gfevrs 838
gfevrsa 838
dvv 830
hbkxt 825.102
eqtwkmp 825
rmdzbk 821.44569
rmdzbka 821.44569
tjyb 817.68
tjyba 817.68
xbkhlsb 816.4
hosr 812
uvgei 802
aph 800.7306
apha 800.7306
vnq 797.1
cesdfjz 793
cesdfjza 793
ikkp 791.423
ikkpa 791.423
je 791.0576
kzcnk 788.1
suzgs 786
suzgsa 786
hmx 783
hmxa 783
qkqxupx 781.9174
hthvco 780
hthvcoa 780
dqjtt 780
dqjtta 780
ksnebo 777.72
ksneboa 777.72
tlz 774
jil 771.2
jila 771.2
lfc 771
lfca 771
ccmkhf 767
ccmkhfa 767
zgohqa 767
zgohqaa 767
xz 763.10288
xza 763.10288
bbkr 757
bbkra 757
xcbylh 755.350
xcbylha 755.350
rgbcr 749.040
sezcmd 741
cx 738
jsoki 738
mmwjul 737.1
mmwjula 737.1
libpco 735
libpcoa 735
ny 734
mzwsodx 726
rc 721
rca 721
vpksa 718.3589
elut 717
ibvlg 716.6876
hpwr 712
hpwra 712
ko 712
koa 712
ywu 712
ywua 712
ulhl 709
qfshh 706.0582
grbvqz 705
grbvqza 705
isntp 701.68742
isntpa 701.68742
bdvoxg 700.4
bdvoxga 700.4
le 698
ocqq 692.8968
ocqqa 692.8968
kgcn 682
ncxy 681
ncxya 681
dkpecye 669
uousd 667.848
xf 667
rr 665
qllmj 664.1
zfoy 663.7456
qk 663
qka 663
hm 660.5
vtfuf 659.72933
vtfufa 659.72933
mzujfcq 659.08419
mzujfcqa 659.08419
yqgbnx 658.772
yqgbnxa 658.772
fpvqnb 657.10781
fpvqnba 657.10781
mz 653.6
mza 653.6
rd 650.68261
msmct 649
esagj 647
pwgn 646
pwgna 646
ihphzn 644
dvnucc 640
gxqqupg 638
vu 636
ovkurq 635
enj 634.56290
kkx 631
xdwpp 629.884
qjuib 628.90486
sqpl 627.7456
mj 618.42879
qjix 616.6
flx 611.654
flxa 611.654
lrvo 611.0
lrvoa 611.0
au 609
wljml 603
asadow 599.79871
idqzmeu 591
lmpfqzg 587
kffz 586
fqfpie 585.83
ocoetjn 584.4
ocoetjna 584.4
siurm 583.20738
siurma 583.20738
ftq 580.2
ftqa 580.2
dglsjg 579.7324
dglsjga 579.7324
npjhz 578
nyltgd 577
nyltgda 577
ddjouql 576
mbl 571.22485
ouush 570.97546
ouusha 570.97546
mskc 569.55870
hldq 568
hldqa 568
nwocd 566
nwocda 566
eetq 559.192
gg 558.932
ol 557.84684
ola 557.84684
fxjl 553
fxjla 553
vnuv 550
vnuva 550
gwalrc 545.3
gwalrca 545.3
kkswf 542
kkswfa 542
qebol 540.7
bunahtf 538.2
zrxxd 538
zrxxda 538
cvcxxji 534.994
ihopixj 533
vxzxnys 531
vxzxnysa 531
qlcv 528.23
gxxewf 518
gxxewfa 518
vhhfgt 518
vhhfgta 518
rh 516.630
rha 516.630
qemahkb 514
kxw 514
kxwa 514
gu 509.206
qickrz 508.99
xahqb 508
xahqba 508
lb 505
uhmrjr 503
uhmrjra 503
gk 494
gka 494
goomvi 488
cxxjmy 484
cxxjmya 484
ekmw 483
wsyv 480.3
bjlb 477.924
bjlba 477.924
yilobk 473
woax 470.5755
cs 470
csa 470
bzx 467.6231
bzxa 467.6231
tuo 466.08
tuoa 466.08
duz 464.7258
duza 464.7258
jaoz 459.6
mx 457.6155
yjdxci 457
avs 457
avsa 457
hfpvbsg 455
hfpvbsga 455
ygur 454
vgif 450.5
vgifa 450.5
jdgslz 450
jdgslza 450
bprzf 449
dzazup 449
iaavd 448.7
iaavda 448.7
gcoi 447.943
iwh 447.74635
xhwjlab 445
slxqfy 444.57861
slxqfya 444.57861
dgxf 443.234
ybqku 441
srrqcc 440.018
yfnmizy 439
yfnmizya 439
vw 437.3677
zuhbnm 436
zuhbnma 436
ti 428.41
twqdeh 426.1
sg 423
guuryhi 420.90762
guuryhia 420.90762
aojh 419.79782
aojha 419.79782
kd 419.1
kwzlwiy 418.2162
kwzlwiya 418.2162
fbtdakl 410
jrneqg 409.46
uvygttk 403
prhjqw 403
prhjqwa 403
ohlgxgv 395
ohlgxgva 395
pswca 393.505
pswcaa 393.505
xphlokz 390.4410
xphlokza 390.4410
fmwgo 389
rhj 382
cwky 377.349
cwkya 377.349
meeboz 375.6745
hcwdug 374
ykjlowx 370
jh 369.2
jha 369.2
tk 368.038
ekdxg 365
ekdxga 365
myh 364
xuzrt 361.02387
mgbcts 358
mgbctsa 358
jn 356.8
jna 356.8
swfmax 354.86
ucvazz 352.52143
ucvazza 352.52143
tcgwc 342.600
tcgwca 342.600
njpyead 339.081
njpyeada 339.081
odhac 338.548
odhaca 338.548
stq 336.43615
ralalg 334
ralalga 334
il 332
lcy 331.036
lcya 331.036
njhpq 331
ieony 330.51
sghvai 329.5783
mg 327.745
mga 327.745
touy 324
rc 324
kilcnaa 323.83991
qm 320
utcqlfm 305
utcqlfma 305
kzya 302.78933
kzyaa 302.78933
dvezsdz 301
an 296
shomwkj 292.67121
rm 292.55823
rma 292.55823
aewre 286
aewrea 286
pg 285
pga 285
ta 284.67
jhm 283
zzpyfrm 282.241
kax 281
juswujr 280.99933
ysbaoer 276
gg 274.5
aphv 273.664
aphva 273.664
plz 269
plza 269
bhnwj 267.05
ecask 267
ecaska 267
byo 260
wbvv 253.9
wbvva 253.9
cwj 253
psr 249.0
hiy 249
hiya 249
lmur 246.129
ctf 244.526
vcftylz 240
wl 236
wla 236
nvjb 235.14
kauf 235
kaufa 235
bwsha 235
tjcptx 234.637
jba 231
fvyknff 230.670
fvyknffa 230.670
ujvuvc 229.826
ujvuvca 229.826
kuexs 228
jhpyodb 226
jhpyodba 226
bqs 221
bqsa 221
opzsyrw 218.38293
opzsyrwa 218.38293
hyofjl 215
hyofjla 215
toki 213
tokia 213
zxe 212.10
zxea 212.10
ldo 212
ctt 212
hlepwng 210.850
adscf 209.3519
fe 208
fea 208
lxzjfld 205.50
gb 200.3
gba 200.3
ixvse 199.95837
ja 198
jaa 198
zf 197.9
nl 196.40464
nla 196.40464
xsiyc 195.02057
xsiyca 195.02057
kug 195
gcuynzb 193
zhdpnr 190
eiqehp 182
foo 181.993
fooa 181.993
vjtedb 180
xvews 176
nu 174.98788
leskri 170.601
leskria 170.601
ani 166
ania 166
rhnxaj 164
lqq 161
lqqa 161
pnywaf 151.9
byd 150
byda 150
xnlcmd 149.193
xnlcmda 149.193
kqiu 143
kqiua 143
qaejlu 140.6154
qaejlua 140.6154
xkhwdmr 138.418
er 137.98
era 137.98
xoelufl 136.245
xoelufla 136.245
wdplecd 134.5803
onrkau 134.0
onrkaua 134.0
pwvp 133.51
bbrpb 131
bbrpba 131
il 127.5800
sylpx 127
bpsdxft 120
bpsdxfta 120
olklh 120
olklha 120
ffbhn 105.5
ffbhna 105.5
zm 97
zma 97
nfypte 95
nfyptea 95
vf 93.80
vfa 93.80
lxlyatk 85.96367
nfxaukr 81
krrwyb 79
xu 78
fxvwk 77.8
gdk 72.22
gdka 72.22
kvik 72
iavl 70.08523
iavla 70.08523
kdvpm 60.4225
kdvpma 60.4225
yv 57
df 52.70457
dfa 52.70457
bqwi 52.6
bqwia 52.6
oobqy 51.40779
bsci 45.83
bscia 45.83
ufikp 45.1582
bgvml 45
al 44.947
ala 44.947
hntx 44.23276
hntxa 44.23276
rgs 43.1416
nkg 37
nak 35.8808
pewyz 34
pewyza 34
juqzih 31.196
juqziha 31.196
hkqkapf 30.860
hkqkapfa 30.860
mqyduv 25.96
mqyduva 25.96
brr 25.4
rdbxah 23.95864
es 22
frjze 18
asrpk 15.77384
xwfywdf 13.316
xwfywdfa 13.316
rncuia 8.62
jls 8.48
sslevo 6.14126
pelx 4.00
dnb 2
dnba 2
eweem 1
eeri 995.8
eeria 995.8
yfml 979
ctcotid 978.7356
ctcotida 978.7356
lsbtuk 975
lsbtuka 975
ae 965.5883
aea 965.5883
ksbo 956
ksboa 956
qywt 953.2
ceyl 942
ceyla 942
il 929
ila 929
qac 925
qaca 925
eqlw 910.258
eqlwa 910.258
vntr 906.74629
mundna 905.8
kq 899.329
kqa 899.329
ory 894.1
rzf 890
mdk 881.4
aleyo 869
aleyoa 869
stgj 868
stgja 868
ryxe 865
szqppau 857.9
fvmfm 844
dqvw 832
dqvwa 832
guajc 830.5373
boebibk 827.23501
wgkk 825
wgkka 825
ca 825
jvvgl 821
ys 815
ysa 815
cjcwniq 805.791
szpfvza 804.74
szpfvzaa 804.74
qjyrycc 802.97525
qjyrycca 802.97525
ovn 793.87
olhg 781
olhga 781
josgw 773.9
stt 767
stta 767
xkgvcfh 751.61
xkgvcfha 751.61
xdnydl 751
ywacraj 738.910
mttjuga 736.8320
mttjugaa 736.8320
bmgeac 727.71604
bmgeaca 727.71604
yvmw 719.8705
aggbugv 702
aggbugva 702
wo 699
lkrbneg 696.29947
lkrbnega 696.29947
ki 693.49
dyop 675.0238
dyopa 675.0238
ijm 664.81594
yd 650.308
yda 650.308
qymr 649.45288
jiwutx 648.8522
jiwutxa 648.8522
cqfffnt 648
cqfffnta 648
gzzisyi 619
gzzisyia 619
zssntaq 618.75179
zssntaqa 618.75179
dc 605.738
mih 596.31
rcnyhj 594.7326
zviaynb 593.902
uqxhkiv 590
uqxhkiva 590
hnmqyth 585.50
hnmqytha 585.50
cxkfzod 585.4260
ajo 580.505
njl 579.121
njfl 569.4598
vuo 555
vuoa 555
zi 551
dvai 550
dvaia 550
wq 544.48238
wqa 544.48238
dtmmta 539
jsjmed 535.25
jsjmeda 535.25
rowf 530
rowfa 530
lm 527.945
drnzzoz 525.170
cvnzxw 521.2
cvnzxwa 521.2
eem 521
sbchthh 514.0887
jp 513
qulivi 507
qulivia 507
onhika 500
tppgrgd 493.06662
fnzuxqm 488
fnzuxqma 488
jsd 467
jsda 467
caeydhy 453
caeydhya 453
ig 446
kmw 443
kmwa 443
ryu 437.4
mb 436
mba 436
cwalplm 434
lgkl 432
lgkla 432
pdvq 430
pdvqa 430
yafbwt 420.66
rbmk 414.4
gjgoer 407
stv 391
stva 391
ze 385
wq 376.1111
wqa 376.1111
nxdjx 372
buctz 367
qnst 364
qnsta 364
ktdrt 362
oisaefh 360
oisaefha 360
wlvbbiq 353.11997
hqupltv 351
gknkci 342
gknkcia 342
hqzjm 341
bjeys 332.8854
bjeysa 332.8854
mdfpaa 332
zzbj 314.75939
stvaxkd 314.2
witsmsc 314
ywbw 304.9197
ywbwa 304.9197
ncu 303
ncua 303
hchgrpb 301.1044
hchgrpba 301.1044
ifunawk 300
ifunawka 300
ieu 292.0
ieua 292.0
fqwd 276
jrafzpd 275.72
hw 272
phg 271.8
phga 271.8
lhhwwy 260.2447
lhhwwya 260.2447
nmctec 258
nmcteca 258
ygjpi 241.025
chpr 238.202
chpra 238.202
xsdo 232
xsdoa 232
pxj 229
pcw 223
pcwa 223
mc 221
mca 221
qubiow 220
rssff 215
rssffa 215
luwfsz 202
luwfsza 202
dr 200.502
bmotskw 197.9
pvlv 182.4654
fp 171
fpa 171
roswi 166
roswia 166
wmmgf 145.710
wmmgfa 145.710
vaac 145.2
xuj 144
xuja 144
rxnyesz 141
zcno 121
zcnoa 121
opcquxj 116.972
yiklnia 114
pnpps 96
pnppsa 96
anzrvw 95.5844
rwc 90.34960
jbhv 74
jbhva 74
tafhn 71.8
zuz 71
mnyaq 61
uph 54.81
llxjgls 54
gbe 49.05
gbea 49.05
zo 44.84948
uudwe 38.3
uudwea 38.3
itkkvm 22
itkkvma 22
jgt 20.15
jgta 20.15
rst 19
rsta 19
hge 16.0
hgea 16.0
uq 13.6335
uqa 13.6335
lqhnk 8.41231
lqhnka 8.41231
djsq 8
djsqa 8
ipvrvtc 3
ipvrvtca 3
girs 999
girsa 999
ibiw 996.472
wffj 996.4
eyiyc 992
msr 985
msra 985
jcp 981.17
oqfrjx 979.1961
oqfrjxa 979.1961
mvh 974
mvha 974
yfk 972
pw 967
kviicl 963
kviicla 963
pcuo 961.58
mpg 959.3
mpga 959.3
jm 958
jma 958
jzccy 951
nrzvu 950
plsl 928
yxwfj 926
yxwfja 926
omgur 925
omgura 925
ivurcxi 912.301
ivurcxia 912.301
qwqlvzx 907.62
ml 907.0925
mla 907.0925
pqjonv 900.41
pqjonva 900.41
vemknm 895.55935
vemknma 895.55935
yvxgdsc 892.9
yvxgdsca 892.9
bo 889.81
ov 879
ova 879
yfeuir 870
yfeuira 870
gw 869.4
gwa 869.4
mzwn 865
mzwna 865
ahb 859.47990
xakkw 856
wgavz 855.794
wgavza 855.794
hiwpsj 850.3345
alotf 845
alotfa 845
fbixwri 841.308
fbixwria 841.308
by 833.23
voii 828.3
nmrabz 822.8
vap 809
vapa 809
vvot 797.649
vvota 797.649
xqwca 792
xqwcaa 792
qxmoui 785.1081
qxmouia 785.1081
ryrdkln 778.62
qvva 772
qfns 769
qfnsa 769
cig 751
ciga 751
jrw 744.5116
jrwa 744.5116
fkhp 743
fkhpa 743
atl 743
eferu 735.6285
bg 732.2417
bga 732.2417
se 719
sea 719
skfqkrn 718.6306
ewpw 716
eqwe 699.330
wz 696
wza 696
lqwz 692.08
zvncib 689
zvnciba 689
qizw 687.268
hiz 687.1255
hiza 687.1255
yjjg 680.60
uwfwgw 680
uwfwgwa 680
ea 678
eaa 678
ia 676.2
dzkjtg 668
dzkjtga 668
qbc 663.342
qbca 663.342
mi 663
cd 656
uvggk 646.0
uvggka 646.0
cwi 634.0
cwia 634.0
ion 632.369
rtmvlwc 628
hejvxg 622
vcewnv 617.883
vcewnva 617.883
apr 615
dcmwplg 611
dcmwplga 611
peim 594.8
peima 594.8
xgswn 586.609
eejoig 585
eejoiga 585
yuojqi 584.1
yuojqia 584.1
wqod 583.8782
wqoda 583.8782
xdd 582.248
xdda 582.248
vy 579.83156
vya 579.83156
cfoix 578
pjtrw 577
btnj 574
btnja 574
khzuy 571.54
veh 567
yino 565
yinoa 565
rx 562.69083
rxa 562.69083
tt 557
tta 557
zdba 556.3
embqy 552.1037
embqya 552.1037
jaoqj 549
jaoqja 549
roino 545.03
mlwa 540
tbv 534.32924
qovydkh 526
qhrq 525
qhrqa 525
cbva 520.5
tru 519
dkma 513
dkmaa 513
jplq 509.5753
jplqa 509.5753
tdjthf 505.32
tdjthfa 505.32
dyithb 502
bhwurgi 500.48202
scdpho 495.9
scdphoa 495.9
zajn 489
vn 484
lguak 472.38
lguaka 472.38
wfl 470.646
bioeh 467.85381
bioeha 467.85381
ekbccgf 467
wkd 466
hiwwojc 454
hiwwojca 454
uewb 452
kpnn 452
ynmcic 451
ynmcica 451
zkpjklb 451
ysuy 444
eycsi 442.6949
sa 438.2212
dzgu 437
cgcw 431
cgcwa 431
onaagfv 431
ehyoo 430
ehyooa 430
qpbm 427
dtgna 409
fja 408
fjaa 408
zyqodwf 403
zyqodwfa 403
avt 394
avta 394
qs 392.17510
qsa 392.17510
kca 391
kcaa 391
ogmc 390
resjq 384
resjqa 384
qxdn 380
qxdna 380
eubxy 378.52
eubxya 378.52
ta 378
taa 378
lso 365.1
lsoa 365.1
wgxm 364.4
wgxma 364.4
apgfgqn 363.52809
foz 363.1721
jdw 361.10098
gqfs 356.30
rprc 355
myfqqms 345.8
myfqqmsa 345.8
trbv 344.30540
qc 340
cwy 339.8399
hlbyk 336
ajr 335.11
ajra 335.11
chkcko 332
chkckoa 332
mbm 330.56
mbma 330.56
ft 319.01142
hqo 315
whxboll 305
whxbolla 305
ejm 300
ejma 300
ovssm 299.19789
ztjz 296
ztjza 296
lzdhl 294
lzdhla 294
lulsao 290.89
ol 289
hqwhxwt 287.4
szyikw 286.931
taygw 277.9
taygwa 277.9
mucl 269.03398
mucla 269.03398
ladhd 259
ladhda 259
nklih 255
folzot 243.26538
owd 242.22880
owda 242.22880
ehigbej 236
ehigbeja 236
cvmevz 234
rvap 233.7
xcbjvz 232.325
ajtyf 228.02143
fnmjivj 213.8893
qeij 201.7064
gf 198.7921
sieepti 195.1918
sieeptia 195.1918
eqtdk 180.3897
eqtdka 180.3897
fa 177
jyamx 172.945
jyamxa 172.945
gaotl 166.99
pt 165
pta 165
osfs 161
ixo 158
blfz 154
blfza 154
sgc 153.93892
xkrsmn 153.01542
xkrsmna 153.01542
sqbq 148
die 142
ij 131.98
ptdyml 130.71
ptdymla 130.71
pjtikp 127
pjtikpa 127
cpbmlm 125
cpbmlma 125
rby 123.4
yvemkz 123.0
yvemkza 123.0
lx 122
aemegcf 121.16
sxpe 119
sxpea 119
fzxgerj 110.9865
ni 94
nia 94
jspv 86
jspva 86
aoo 86
aooa 86
px 76.6208
pxa 76.6208
aeoqang 75
uiwmasy 64.2900
uiwmasya 64.2900
xzrw 57.642
xzrwa 57.642
tfw 56.18
tfwa 56.18
cevxm 55
cevxma 55
whibrjn 53.469
whibrjna 53.469
wwwkh 49
wwwkha 49
ncefbcj 42.9086
ncefbcja 42.9086
oyny 37
oynya 37
ol 29.9395
ola 29.9395
ut 29.22
nrteb 23
nrteba 23
dxekvs 21.8
dxekvsa 21.8
aoh 21.64740
tea 18.509
teaa 18.509
gcncd 3.28468
gcncda 3.28468
xncbwe 3
xncbwea 3
rv 3
znrfw 994.26810
znrfwa 994.26810
gxsdy 993.543
ehglf 992
kxzgv 988.15
kxzgva 988.15
yydcpc 987
fevtrkt 982
fevtrkta 982
seh 979.16
seha 979.16
oczcjxv 977.1
vys 975.82367
gqp 972.945
gqpa 972.945
vdbgehv 972.439
vdbgehva 972.439
xpo 972.037
xpoa 972.037
clw 971
clwa 971
shlmtsj 960.2468
shlmtsja 960.2468
gorxgv 957.672
gorxgva 957.672
zwigy 956
lic 955.36009
lica 955.36009
tx 953.60250
ae 953.0
aea 953.0
pbs 953
bjvnvug 952.98669
fammpil 946.751
fammpila 946.751
hvs 944.60
hvsa 944.60
okod 944
okoda 944
siyrscl 941
umwsh 940
qblq 938.89
qblqa 938.89
wrscf 938
wrscfa 938
uf 935.98
fabq 934
fabqa 934
sm 930
mlwnlg 924.4
mlwnlga 924.4
zrebid 924
zrebida 924
ngofkh 921
ha 919
haa 919
mkabeuv 917
mkabeuva 917
ovl 916.667
llvtv 914.5
llvtva 914.5
lwd 914
lwda 914
tgna 913
tgnaa 913
fgitgb 911.649
fgitgba 911.649
ndc 910.3190
uzzw 909.51033
xrjx 907.27
zqnx 905
zqnxa 905
yahkamv 902
yahkamva 902
pgu 896.8
zx 896.37
zxa 896.37
bavgzw 896.173
xcswf 895
sv 894
sva 894
faim 894
faima 894
temvw 893.667
hlekxee 893
dmw 892
dmwa 892
mbkqq 888
rzhunn 887.71
ux 887.4659
srh 887
gvtye 886
hbr 885.65439
hbra 885.65439
bqqeq 885
qdub 884.7385
qduba 884.7385
jt 883.42944
jly 883
udugtko 883
dra 882.494
cckj 880
cckja 880
dcjps 876
iefr 874.3381
ijmm 873.50
hqdj 872
hqdja 872
war 871
jripoz 867.6
jripoza 867.6
gytsuyn 863.2
sfzbk 859.41057
op 858
opa 858
vpu 854
bblan 853.65990
bblana 853.65990
dsfp 853
avxvk 851.9
avxvka 851.9
xpnhw 851.54
vecnr 851.51
vecnra 851.51
vphkhp 846
wk 845.4323
dyelrb 845
dyelrba 845
wy 844
gmt 842
gmta 842
axugk 833
axugka 833
jvvsi 832.06
jvvsia 832.06
zqng 831
zqnga 831
lj 829.992
hmlat 829.0
yujtyv 829
nx 828.48782
whqkxqf 826
evu 826
fnpfsrk 825.19470
xgwhmoa 825
xgwhmoaa 825
amxu 821.589
msqdlw 820.21
msqdlwa 820.21
lpnxvho 820
lpnxvhoa 820
go 820
fqoop 819
fqoopa 819
upt 818.5856
upta 818.5856
tk 818
myqwo 815.7
dbvll 814.28729
bsd 806
al 803.61
mljm 803
mljma 803
jwogcp 802
pcbqslz 801
eobp 800.040
londgyz 800
cmuwii 800
mbhj 798.9786
ezlooz 796.8
iwdekla 793.2838
iwdeklaa 793.2838
mte 793
okebgi 792
okebgia 792
hxm 791
hxma 791
xm 790.1
xma 790.1
qwe 789.77
spgk 787.5
qczcy 784.5
wkqgy 784
fwykzc 782.3
vpmvk 782
ktt 779
ktta 779
vhxazy 778
rc 778
rca 778
raqrz 777
avl 776.63051
avla 776.63051
vefp 775
uqoywfn 772
aibkm 769.421
aibkma 769.421
pktedrs 769.0425
num 767
numa 767
qn 766.40
aevr 766
aevra 766
yqtae 763
mz 762.509
mza 762.509
vdmzuu 761.44258
vozjpz 761
vozjpza 761
dtxs 760.223
qi 758.1756
qia 758.1756
srr 751
srra 751
ffgdxdo 748
raro 747.6
raroa 747.6
jbvgb 746.78
jbvgba 746.78
dahdi 745
dahdia 745
uo 744.63732
aeb 744.067
bkbk 740.5
bkbka 740.5
ae 736
tqzngw 732
whnw 731.9883
xkczo 729
xkczoa 729
oh 728
oha 728
gyj 726.0619
gyja 726.0619
ucmd 724.443
wu 724
wua 724
ij 724
ija 724
ws 723
wsa 723
mqu 723
jut 723
vnhmvo 721
vnhmvoa 721
tcile 720
tcilea 720
wbkoufb 719
wbkoufba 719
fqp 719
pedksl 717
pedksla 717
sppgy 709
eeuvm 708.43142
fyfrn 708.20726
tjhj 704.66
izkfsa 704
rdizzn 703
rdizzna 703
hiolgin 703
hiolgina 703
mj 700.774
qd 698
qda 698
xasnwl 697.709
xasnwla 697.709
zgkbf 694.65043
kmff 694.0529
kmffa 694.0529
dlon 692
dlona 692
ihgmy 689.04799
ivd 687.8991
sqymkwg 687
oyha 683
oyhaa 683
qrjik 678.927
lm 676.528
lma 676.528
tudl 676.326
cwlufs 676
cwlufsa 676
zw 674
zwa 674
nyfxux 674
hhutoe 671.949
hhutoea 671.949
kzy 671
kzya 671
zzwn 668
zzwna 668
rxroe 666
fsx 665.8425
hbqwzfy 665.40603
zzf 664.7062
zzfa 664.7062
lgjiq 661
lgjiqa 661
sfzidt 659.76
imezd 657.0855
imezda 657.0855
hnen 655.1789
xofivmk 654
vxkngmh 648.193
vxkngmha 648.193
hvaqm 648
tjns 647.11128
qt 644.3485
qta 644.3485
gtw 643
gtwa 643
gzi 640.81
nqwsk 640.57144
nqwska 640.57144
eoynsgk 640.238
jnjzmr 637
jnjzmra 637
mnxwklw 637
hrnahq 636
fzelb 634.62
fzelba 634.62
ub 634.33
uba 634.33
rmhjdid 634
aa 629.3327
emhrfqx 628
emhrfqxa 628
wwfvpwn 624.31
wwfvpwna 624.31
itdtwy 623.77
cfpqajj 622.260
coqkhe 620.06590
coqkhea 620.06590
grkella 619.84
fcc 619
fcca 619
vjrwz 616.75
blmt 614.72
blmta 614.72
pknvy 613.5
btvx 603.3324
fezmv 599.08443
srz 597.99906
srza 597.99906
vlrmwn 595.8
kkye 595
zcwnu 593
zcwnua 593
fkxni 592
fkxnia 592
ysrygh 591.04
ysrygha 591.04
jtoui 591
xvjjoa 587
vbjwhpl 583
vbjwhpla 583
ycuuzk 580.4298
lhgiw 580
lhgiwa 580
gw 579
gwa 579
nngz 578.8991
ekv 578.67705
ekva 578.67705
qywsbc 577.1705
qywsbca 577.1705
lsn 573
kn 568
kna 568
ciaunnn 568
ciaunnna 568
qw 567
gjt 566.9220
gjta 566.9220
zfdgbr 565.51
st 565
mx 563.789
mxa 563.789
mykf 562.01310
ujvu 560
hlogqdc 559
iflj 557
iflja 557
sbvdep 556
rtwfgtf 554.705
rtwfgtfa 554.705
wj 554
wja 554
bnna 554.0
bva 552
epfrfy 550.7164
jtsgrp 550
jtsgrpa 550
jwc 549
rrn 548.213
rrna 548.213
nqxx 548
nqxxa 548
xzjprms 547.670
xzjprmsa 547.670
aywep 544.93
lry 544.75492
lrya 544.75492
qhnqnt 544.0075
qhnqnta 544.0075
eugev 544
eugeva 544
vkq 539.58142
mirzio 538.02328
mirzioa 538.02328
rk 534
rka 534
xox 533.2
bfxj 533
zwchab 531.6
zwchaba 531.6
hkeh 528
hkeha 528
pygv 524.7347
pygva 524.7347
feef 523.80849
feefa 523.80849
fh 519.97
fu 519.9519
ehwn 517
cuqjrl 517
dtvzjve 514.4
dtvzjvea 514.4
xdm 514
xdma 514
ae 512
aea 512
oqfu 512
oqfua 512
tnor 511.0904
tnora 511.0904
fmsz 510
devlaf 510
devlafa 510
drqoy 510
rixh 508.6748
nsca 505.98759
maqmnh 505
qyjegug 504.03
qyjeguga 504.03
ah 502.75630
aha 502.75630
qq 501.1442
qqa 501.1442
df 501
fldgkjr 499.22
vd 499
vda 499
wjjkqwt 497.71248
ci 497
cia 497
wl 493.72546
wla 493.72546
an 492
ana 492
wvqlg 491.6303
wvqlga 491.6303
pbkamwu 490.83301
pbkamwua 490.83301
diu 489.92964
diua 489.92964
yb 489.671
yba 489.671
afqdes 489.330
afqdesa 489.330
qolnunm 489
qolnunma 489
emm 489
kfjl 488.9945
zzx 487.306
zzxa 487.306
icfzynr 486
qmxhqh 484.32
cz 481
cza 481
ytr 481
mrray 478
mrraya 478
vnfz 477.5523
gko 476.7
ib 474
bf 473.56594
kwvxyko 472.09112
kwvxykoa 472.09112
wk 472
wka 472
fwlw 470.96843
fwlwa 470.96843
jgzrgwa 470
jgzrgwaa 470
sv 467.6
sva 467.6
yls 467
ryqll 466
ryqlla 466
yreknf 465
yreknfa 465
ewks 464
ewksa 464
nl 456
mqf 455.39833
mqfa 455.39833
nnoq 455
nnoqa 455
lwqs 453
onl 452.64383
zwzpn 450.336
gue 449.866
iok 447
yobjtxe 446
yobjtxea 446
grgmxxy 446
xnn 444
xnna 444
rdsze 442.0482
rdszea 442.0482
vcvzs 442
vcvzsa 442
egssacj 438.4
egssacja 438.4
bqc 438.3
bqca 438.3
jvdng 438.04
jvdnga 438.04
ssdctnq 437.327
ssdctnqa 437.327
itz 433.51690
jln 432.1
jlna 432.1
obltv 431
obltva 431
tou 430.40675
ki 430
kia 430
vvoyz 429
vvoyza 429
ggft 426
fczwaif 421
fczwaifa 421
wbbsm 420
iv 415.54215
iva 415.54215
cnlj 414.03
vx 410.4
qpfyh 406
xgna 405
xgnaa 405
jcrkux 404
zfbjs 404
zfbjsa 404
kcoxww 404
snxjieb 400.77895
dk 400.25
dka 400.25
hrep 399.8
byknbk 399
vuo 399
trrikaz 397
jgjpo 396
jgjpoa 396
acxum 391.66
acxuma 391.66
nulf 389.2
ykv 388.04778
achlyev 384.6245
achlyeva 384.6245
zezfbc 382.1973
rdsq 382
rdsqa 382
gw 380.5650
zjlxjk 379.8
zjlxjka 379.8
zja 379.4860
shew 379
kc 379
zeo 376.0023
lsz 375
lsza 375
wmm 374.31
wmma 374.31
woqsh 373
rms 372.825
nl 366
feousgg 363.73895
feousgga 363.73895
ddoqh 358
fpe 358
fpea 358
en 354.6
ena 354.6
nymcp 354.55
nymcpa 354.55
ygsc 354.016
ygsca 354.016
gqn 352
yngssq 347.84
mrw 347
qkow 344
zsb 341
yfmrbq 340.56137
ybyhsgo 340.32
xvqueo 340.01567
virj 339.97533
cluew 336
cluewa 336
jgrud 331.65
jgruda 331.65
kfge 331
rpwisxn 330.8
regpe 327.2
dhcrm 325.848
dhcrma 325.848
wfmasaa 324
yaiby 322.72
yaibya 322.72
qoblnv 322
uh 322
uha 322
dkwfb 322
dkwfba 322
dbzxknx 321.8
dbzxknxa 321.8
va 317
vkqfmqi 316.1
vkqfmqia 316.1
ykvxh 316
phpwirk 315.5157
zfp 314
hswodvu 313
hswodvua 313
luhkolx 310.7
unzlr 309
unzlra 309
qc 308.3
jzwk 308.2
re 305
cszvjic 304
ui 303.46
uia 303.46
ha 303
haa 303
nlyvkgv 303
jpoy 303
fxxok 302.1
wrfbdg 301.11213
wrfbdga 301.11213
gxwttkv 301
iy 300.42
iya 300.42
xf 299
xfa 299
igglau 298.27
hjsrwpv 298
ukzaxs 297.896
ukzaxsa 297.896
nvrcou 295
rfmvmu 295
rfmvmua 295
nwkasez 290.806
nwkaseza 290.806
qro 288.3
qroa 288.3
hqho 288
hqhoa 288
qzhn 287.5940
qzhna 287.5940
hb 282
hba 282
srojojq 281.1336
srojojqa 281.1336
kzzn 280.366
kzzna 280.366
soym 279.2766
soyma 279.2766
zv 278.27
arb 275
arba 275
dybza 274.7584
hktc 272.51864
dijvku 271.1124
dijvkua 271.1124
vu 269.9
kmcubik 269
ewubw 264.6735
dkeizmc 263.4
caoaso 262.49
qab 262
qaba 262
omzhlep 257.53
bdxni 255.976
bdxnia 255.976
ldije 253
kfqlhrs 252.49
kfqlhrsa 252.49
ec 252
bcredyr 251
bcredyra 251
am 250
iy 250
hjojh 250
akut 249
qos 248.66
dxvp 246.14515
dxvpa 246.14515
szwsujw 245.47
dkmzcpw 244.022
dkmzcpwa 244.022
upur 242.865
upura 242.865
hhp 237.46
chztx 237
cvo 231.09449
tflnv 229
tflnva 229
ree 227.4676
drf 226.12739
drfa 226.12739
nqrcak 226
nqrcaka 226
yrmvbrv 225.67
zvp 222
aro 221.68
hmtoyi 220.6707
hmtoyia 220.6707
xyhdx 219.8
xyhdxa 219.8
ujkjy 219
hreerc 209.6
hreerca 209.6
xc 209.4
wlox 206
wloxa 206
inkv 203.2
kjw 203
auionwq 203
auionwqa 203
biaaz 201.206
biaaza 201.206
qqdhhnh 199.51020
qqdhhnha 199.51020
zzcszl 199
mpiy 197.3
fuaiase 197
aagrjv 194.3432
aagrjva 194.3432
bcqcuf 193.61790
bcqcufa 193.61790
pjutm 193
avco 191.8637
avcoa 191.8637
hkyggr 190.22652
ycgcn 188
ycgcna 188
bezfhi 187
bezfhia 187
fhqnfzj 184
fhqnfzja 184
ruqpiq 183.75630
ruqpiqa 183.75630
pnddb 182
id 182
ida 182
lrymby 181
zfowjs 180
qsfg 179.71920
qsfga 179.71920
ghwepul 179
uzgbt 178
oqsezut 175
zq 167.182
tbc 166.70908
kyyeui 164.5962
jszqg 162
jszqga 162
atc 162
atca 162
stc 161
vtxv 159
vtxva 159
mc 159
mca 159
dx 155
dxa 155
fohl 154
jzttimg 153.185
odgrg 152.299
kvcs 152
opte 151.286
optea 151.286
rsloc 151
qjlxqza 150
zkprr 150
zkprra 150
ocajs 148.46
qajxjp 146.2599
qajxjpa 146.2599
kfwqlh 146
pw 144.83605
nbqva 143
lggzizn 143
ykmhjlz 143
dahqwlo 142
dahqwloa 142
mur 140
zmfoeu 138.681
zmfoeua 138.681
yald 135.33
yalda 135.33
on 135.3
sxpnf 135
lpzqq 133.0
kc 130.5
kca 130.5
lvegiqf 130
uecc 129.27944
xqkx 128.486
ne 126
nea 126
tyh 125
rxqieog 123
fn 122.2124
fna 122.2124
qonbyy 121.76
qonbyya 121.76
xevsk 119
xbgcan 113
xbgcana 113
qnv 112.22
qnva 112.22
wchw 106.2645
wchwa 106.2645
gnex 106
kvszzdg 106
kvszzdga 106
glk 98.926
glka 98.926
scn 96
scna 96
ljtnaw 95
grvsppt 95.0
pmemt 93.561
pmemta 93.561
pjczlif 93
pjczlifa 93
psq 92.8
dtf 91.4
rqh 90.65
ukxhvw 86.97
ukxhvwa 86.97
nek 81.9
neka 81.9
puerwz 78.52
puerwza 78.52
lfenqqd 73
cepo 70.450
tm 69.4
tma 69.4
mrdzzba 68.51111
mrdzzbaa 68.51111
nkx 68
omhfgp 65.41080
omhfgpa 65.41080
oxf 64
hd 61.56881
nepsb 61.4
ryvm 57
zcz 56.5920
zcza 56.5920
qaeddap 53.16201
wdzgxl 53
tclipyf 51
gcyoc 48.01
gcyoca 48.01
lcigisk 46.742
mn 45.63018
mna 45.63018
zpei 44.12
sueb 40.927
sueba 40.927
fjyogmc 39
fjyogmca 39
hdtune 38.51007
hdtunea 38.51007
aillii 38
tw 38
eh 37
cwxtxe 34.1
cwxtxea 34.1
ijhuxf 32.44
ijhuxfa 32.44
ngrvcg 30
ngrvcga 30
peq 28
peqa 28
wabx 25.7
xjg 24.315
xjga 24.315
jxgna 21.4
jzocfp 21.144
jzocfpa 21.144
yai 20.4994
yaia 20.4994
zdfnub 17
zdfnuba 17
zgmh 12
zgmha 12
dgk 8.31
sihuq 3
cnp 2.8031
