380527927
96097097
890352584
476268811
550656476
878598911
725935412
817597562
376609679
683253306
372910371
332369553
506250517
779153734
698312108
66146702
70613855
4
91507544
274404050
641483385
468554337
926312962
734982788
320520604
118865461
503371213
694633468
598991528
955137484
638058049
152702847
248775715
744444424
876776702
275038801
822117230
324803376
783062613
461551751
863158355
73724596
408340334
24813866
379895281
419821693
892017604
366499807
323454291
565260451
784851829
475610709
231169255
429781442
345366635
4
476682062
977619104
911482114
38468972
674830286
852529122
234327346
972333236
671547415
670632746
420066312
177841919
962680919
588260696
722602624
782318704
527869159
375911350
470273942
163035357
687385429
981152292
378866875
624049059
581617967
550150010
88056302
544858367
254184852
795432282
340453263
403431051
261855992
803264606
672367961
384184841
349361644
914156685
675919339
350361156
13872852
878598911
193817658
683253306
466772835
82342950
828353386
541440469
515150940
797642728
137104006
489376390
16864547
789998781
403431051
309334418
657363193
129820172
596532252
453204198
830154496
365667520
355705305
488966050
433951758
745251419
134903162
430965193
778917213
145032540
703766124
156290804
529309710
364121230
911729333
929068904
2
308280006
689098534
290291290
717283310
999820469
619822560
981152292
10534486
477019638
404396788
491066873
22755982
896391144
629479834
813087749
893039801
601240867
147076282
357353286
972333236
759673183
20
374454394
515150940
442888685
252403355
33647621
822829988
932271007
433169482
458110772
45536944
139136839
12
231169255
280004768
802688354
396888390
63197654
4
359728650
8745083
612639450
491066873
314396179
649794888
977440562
705900086
459793041
641834132
267914295
928401874
686683518
802913075
672262723
118494675
950168624
726698738
395156893
750730559
891893872
511681140
879370833
360403492
222314487
206376026
391986894
