512
6#4
837

674
#81
532

#18
253
674

5#7
364
281

625
714
#38

Error

12#
564
378

8#2
354
176

142
375
6#8

715
3#6
284

#75
362
814

427
85#
163

#37
521
864

58#
716
324

73#
851
642

Error

126
843
#57

284
165
#37

#57
268
134

3#1
458
627

826
3#5
741

431
782
#56

621
#73
458

2#4
678
531

137
45#
682

Error

278
#46
531

621
758
4#3

762
58#
143

278
#64
513

Error

783
651
4#2

375
8#1
246

612
7#4
583

745
31#
286

Error

427
#53
816

345
#72
681

683
745
1#2

316
#24
758

76#
235
481

468
#32
517

7#5
162
843

785
164
2#3

764
852
#13

2#6
178
345

671
8#5
432

817
365
24#

682
541
3#7

435
28#
761

6#8
245
371

7#1
423
568

372
#18
546

432
176
#85

168
#23
574

Error

5#1
842
637

768
143
#25

763
#48
521

678
345
#12

Error

876
35#
421

234
#87
561

564
8#7
132

365
824
#17

Error

342
#15
786

78#
461
253

741
5#3
628

571
342
68#

Error

82#
154
637

782
6#4
153

3#8
416
725

247
68#
531

Error

732
4#5
861

467
52#
813

513
8#2
476

485
#27
361

Error

631
5#7
428

6#5
423
781

563
74#
128

236
81#
754

Error

438
6#2
157

843
172
#65

157
8#2
634

325
6#8
741

38#
426
571

7#2
384
156

541
#76
832

637
251
48#

#24
651
873

Error

175
648
2#3

413
568
2#7

875
6#1
324

786
521
3#4

