1 2 3 * + 4 2 / - 2 + 3 ^ 5 6 3 / 2 * - 8 4 / + 4 6 * 9 - * - 1 2 + 3 8 * - 6 8 * + 1 / + 2 8 ^ + 3 4 ^ 9 / 9 7 - * - 5 4 ^ +
1 6 + 4 2 / - 2 + 3 ^ 5 6 3 / 2 * - 8 4 / + 4 6 * 9 - * - 1 2 + 3 8 * - 6 8 * + 1 / + 2 8 ^ + 3 4 ^ 9 / 9 7 - * - 5 4 ^ +
7 4 2 / - 2 + 3 ^ 5 6 3 / 2 * - 8 4 / + 4 6 * 9 - * - 1 2 + 3 8 * - 6 8 * + 1 / + 2 8 ^ + 3 4 ^ 9 / 9 7 - * - 5 4 ^ +
7 2 - 2 + 3 ^ 5 6 3 / 2 * - 8 4 / + 4 6 * 9 - * - 1 2 + 3 8 * - 6 8 * + 1 / + 2 8 ^ + 3 4 ^ 9 / 9 7 - * - 5 4 ^ +
5 2 + 3 ^ 5 6 3 / 2 * - 8 4 / + 4 6 * 9 - * - 1 2 + 3 8 * - 6 8 * + 1 / + 2 8 ^ + 3 4 ^ 9 / 9 7 - * - 5 4 ^ +
7 3 ^ 5 6 3 / 2 * - 8 4 / + 4 6 * 9 - * - 1 2 + 3 8 * - 6 8 * + 1 / + 2 8 ^ + 3 4 ^ 9 / 9 7 - * - 5 4 ^ +
343 5 6 3 / 2 * - 8 4 / + 4 6 * 9 - * - 1 2 + 3 8 * - 6 8 * + 1 / + 2 8 ^ + 3 4 ^ 9 / 9 7 - * - 5 4 ^ +
343 5 2 2 * - 8 4 / + 4 6 * 9 - * - 1 2 + 3 8 * - 6 8 * + 1 / + 2 8 ^ + 3 4 ^ 9 / 9 7 - * - 5 4 ^ +
343 5 4 - 8 4 / + 4 6 * 9 - * - 1 2 + 3 8 * - 6 8 * + 1 / + 2 8 ^ + 3 4 ^ 9 / 9 7 - * - 5 4 ^ +
343 1 8 4 / + 4 6 * 9 - * - 1 2 + 3 8 * - 6 8 * + 1 / + 2 8 ^ + 3 4 ^ 9 / 9 7 - * - 5 4 ^ +
343 1 2 + 4 6 * 9 - * - 1 2 + 3 8 * - 6 8 * + 1 / + 2 8 ^ + 3 4 ^ 9 / 9 7 - * - 5 4 ^ +
343 3 4 6 * 9 - * - 1 2 + 3 8 * - 6 8 * + 1 / + 2 8 ^ + 3 4 ^ 9 / 9 7 - * - 5 4 ^ +
343 3 24 9 - * - 1 2 + 3 8 * - 6 8 * + 1 / + 2 8 ^ + 3 4 ^ 9 / 9 7 - * - 5 4 ^ +
343 3 15 * - 1 2 + 3 8 * - 6 8 * + 1 / + 2 8 ^ + 3 4 ^ 9 / 9 7 - * - 5 4 ^ +
343 45 - 1 2 + 3 8 * - 6 8 * + 1 / + 2 8 ^ + 3 4 ^ 9 / 9 7 - * - 5 4 ^ +
298 1 2 + 3 8 * - 6 8 * + 1 / + 2 8 ^ + 3 4 ^ 9 / 9 7 - * - 5 4 ^ +
298 3 3 8 * - 6 8 * + 1 / + 2 8 ^ + 3 4 ^ 9 / 9 7 - * - 5 4 ^ +
298 3 24 - 6 8 * + 1 / + 2 8 ^ + 3 4 ^ 9 / 9 7 - * - 5 4 ^ +
298 -21 6 8 * + 1 / + 2 8 ^ + 3 4 ^ 9 / 9 7 - * - 5 4 ^ +
298 -21 48 + 1 / + 2 8 ^ + 3 4 ^ 9 / 9 7 - * - 5 4 ^ +
298 27 1 / + 2 8 ^ + 3 4 ^ 9 / 9 7 - * - 5 4 ^ +
298 27 + 2 8 ^ + 3 4 ^ 9 / 9 7 - * - 5 4 ^ +
325 2 8 ^ + 3 4 ^ 9 / 9 7 - * - 5 4 ^ +
325 256 + 3 4 ^ 9 / 9 7 - * - 5 4 ^ +
581 3 4 ^ 9 / 9 7 - * - 5 4 ^ +
581 81 9 / 9 7 - * - 5 4 ^ +
581 9 9 7 - * - 5 4 ^ +
581 9 2 * - 5 4 ^ +
581 18 - 5 4 ^ +
563 5 4 ^ +
563 625 +
1188
