9 9 6 8 * + 6 9 * - 3 ^ 2 / + 1 8 2 / 6 ^ + 2 5 - * - 9 4 ^ + 8 7 * - 6 6 ^ + 5 1 2 + 3 3 / - 7 5 * + 8 4 * - ^ +
9 9 48 + 6 9 * - 3 ^ 2 / + 1 8 2 / 6 ^ + 2 5 - * - 9 4 ^ + 8 7 * - 6 6 ^ + 5 1 2 + 3 3 / - 7 5 * + 8 4 * - ^ +
9 57 6 9 * - 3 ^ 2 / + 1 8 2 / 6 ^ + 2 5 - * - 9 4 ^ + 8 7 * - 6 6 ^ + 5 1 2 + 3 3 / - 7 5 * + 8 4 * - ^ +
9 57 54 - 3 ^ 2 / + 1 8 2 / 6 ^ + 2 5 - * - 9 4 ^ + 8 7 * - 6 6 ^ + 5 1 2 + 3 3 / - 7 5 * + 8 4 * - ^ +
9 3 3 ^ 2 / + 1 8 2 / 6 ^ + 2 5 - * - 9 4 ^ + 8 7 * - 6 6 ^ + 5 1 2 + 3 3 / - 7 5 * + 8 4 * - ^ +
9 27 2 / + 1 8 2 / 6 ^ + 2 5 - * - 9 4 ^ + 8 7 * - 6 6 ^ + 5 1 2 + 3 3 / - 7 5 * + 8 4 * - ^ +
9 13 + 1 8 2 / 6 ^ + 2 5 - * - 9 4 ^ + 8 7 * - 6 6 ^ + 5 1 2 + 3 3 / - 7 5 * + 8 4 * - ^ +
22 1 8 2 / 6 ^ + 2 5 - * - 9 4 ^ + 8 7 * - 6 6 ^ + 5 1 2 + 3 3 / - 7 5 * + 8 4 * - ^ +
22 1 4 6 ^ + 2 5 - * - 9 4 ^ + 8 7 * - 6 6 ^ + 5 1 2 + 3 3 / - 7 5 * + 8 4 * - ^ +
22 1 4096 + 2 5 - * - 9 4 ^ + 8 7 * - 6 6 ^ + 5 1 2 + 3 3 / - 7 5 * + 8 4 * - ^ +
22 4097 2 5 - * - 9 4 ^ + 8 7 * - 6 6 ^ + 5 1 2 + 3 3 / - 7 5 * + 8 4 * - ^ +
22 4097 -3 * - 9 4 ^ + 8 7 * - 6 6 ^ + 5 1 2 + 3 3 / - 7 5 * + 8 4 * - ^ +
22 -12291 - 9 4 ^ + 8 7 * - 6 6 ^ + 5 1 2 + 3 3 / - 7 5 * + 8 4 * - ^ +
12313 9 4 ^ + 8 7 * - 6 6 ^ + 5 1 2 + 3 3 / - 7 5 * + 8 4 * - ^ +
12313 6561 + 8 7 * - 6 6 ^ + 5 1 2 + 3 3 / - 7 5 * + 8 4 * - ^ +
18874 8 7 * - 6 6 ^ + 5 1 2 + 3 3 / - 7 5 * + 8 4 * - ^ +
18874 56 - 6 6 ^ + 5 1 2 + 3 3 / - 7 5 * + 8 4 * - ^ +
18818 6 6 ^ + 5 1 2 + 3 3 / - 7 5 * + 8 4 * - ^ +
18818 46656 + 5 1 2 + 3 3 / - 7 5 * + 8 4 * - ^ +
65474 5 1 2 + 3 3 / - 7 5 * + 8 4 * - ^ +
65474 5 3 3 3 / - 7 5 * + 8 4 * - ^ +
65474 5 3 1 - 7 5 * + 8 4 * - ^ +
65474 5 2 7 5 * + 8 4 * - ^ +
65474 5 2 35 + 8 4 * - ^ +
65474 5 37 8 4 * - ^ +
65474 5 37 32 - ^ +
65474 5 5 ^ +
65474 3125 +
68599
